Log file open, 04/12/15 18:48:10
LogInit:Display: Running engine for game: Blueprints1
LogInit: Version: 4.7.5-2503383+++depot+UE4-Releases+4.7
LogInit: API Version: 2455222
LogInit: Compiled (64-bit): Apr  6 2015 23:21:51
LogInit: Compiled with Visual C++: 18.00.21005.01
LogInit: Build Configuration: Development
LogInit: Branch Name: ++depot+UE4-Releases+4.7
LogInit: Command line:  
LogInit: Base directory: D:/Epic Games/4.7/Engine/Binaries/Win64/
LogInit: Rocket: 1
[2015.04.12-22.48.10:715][  0]LogTaskGraph: Started task graph with 3 named threads and 6 total threads.
[2015.04.12-22.48.10:783][  0]LogOnline:Warning: No default platform service specified for OnlineSubsystem
[2015.04.12-22.48.10:797][  0]LogInit: Presizing for 0 objects not considered by GC, pre-allocating 0 bytes.
[2015.04.12-22.48.10:814][  0]LogInit: Object subsystem initialized
[2015.04.12-22.48.10:816][  0]LogConsoleResponse:Warning: Skipping Unknown console variable: 'TranslucentSortAxis = (X=0.000000,Y=-1.000000,Z=0.000000)'
[2015.04.12-22.48.10:816][  0]LogConsoleResponse:Warning:   Found in ini file 'D:/Tyler/Documents/GitHub/Games/Sandbox/BluePrints/Blueprints1/Saved/Config/Windows/Engine.ini', in section '[/Script/Engine.RendererSettings]'
[2015.04.12-22.48.10:816][  0]LogConsoleResponse:Warning: Skipping Unknown console variable: 'UIScaleRule = ShortestSide'
[2015.04.12-22.48.10:816][  0]LogConsoleResponse:Warning:   Found in ini file 'D:/Tyler/Documents/GitHub/Games/Sandbox/BluePrints/Blueprints1/Saved/Config/Windows/Engine.ini', in section '[/Script/Engine.RendererSettings]'
[2015.04.12-22.48.10:816][  0]LogConsoleResponse:Warning: Skipping Unknown console variable: 'UIScaleCurve = (EditorCurveData=(Keys=),ExternalCurve=None)'
[2015.04.12-22.48.10:816][  0]LogConsoleResponse:Warning:   Found in ini file 'D:/Tyler/Documents/GitHub/Games/Sandbox/BluePrints/Blueprints1/Saved/Config/Windows/Engine.ini', in section '[/Script/Engine.RendererSettings]'
[2015.04.12-22.48.10:816][  0]LogInit: Selected Device Profile: [Windows]
[2015.04.12-22.48.10:816][  0]LogInit: Applying CVar settings loaded from the selected device profile: [Windows]
[2015.04.12-22.48.10:823][  0]LogInit: Computer: GRAPHICSSERVER
[2015.04.12-22.48.10:823][  0]LogInit: User: tyler
[2015.04.12-22.48.10:823][  0]LogInit: CPU Page size=4096, Cores=4
[2015.04.12-22.48.10:823][  0]LogInit: High frequency timer resolution =3.001600 MHz
[2015.04.12-22.48.10:823][  0]LogMemory: Memory total: Physical=16.0GB (16GB approx) Virtual=131072.0GB
[2015.04.12-22.48.10:823][  0]LogMemory: Platform Memory Stats for Windows
[2015.04.12-22.48.10:823][  0]LogMemory: Process Physical Memory: 45.86 MB used, 45.86 MB peak
[2015.04.12-22.48.10:823][  0]LogMemory: Process Virtual Memory: 26.49 MB used, 26.49 MB peak
[2015.04.12-22.48.10:823][  0]LogMemory: Physical Memory: 2847.38 MB used, 16375.11 MB total
[2015.04.12-22.48.10:823][  0]LogMemory: Virtual Memory: 289.02 MB used, 134217728.00 MB total
[2015.04.12-22.48.10:835][  0]LogD3D11RHI: Found D3D11 adapter 0: AMD Radeon HD 5700 Series (Feature Level 11_0)
[2015.04.12-22.48.10:835][  0]LogD3D11RHI: Adapter has 1005MB of dedicated video memory, 0MB of dedicated system memory, and 7936MB of shared system memory, 2 output[s]
[2015.04.12-22.48.10:836][  0]LogD3D11RHI: Found D3D11 adapter 1: Microsoft Basic Render Driver (Feature Level 11_0)
[2015.04.12-22.48.10:836][  0]LogD3D11RHI: Adapter has 0MB of dedicated video memory, 0MB of dedicated system memory, and 256MB of shared system memory, 0 output[s]
[2015.04.12-22.48.10:836][  0]LogD3D11RHI: Chosen D3D11 Adapter Id = 0
[2015.04.12-22.48.10:839][  0]LogRHI: Texture pool is 704 MB (70% of 1005 MB)
[2015.04.12-22.48.10:845][  0]LogD3D11RHI: Async texture creation disabled: no driver support
[2015.04.12-22.48.10:898][  0]LogTextLocalizationManager: The requested culture ('en_US') has no localization data; parent culture's ('en') localization data will be used.
[2015.04.12-22.48.10:969][  0]LogTextLocalizationManager:Warning: Loading localization resources contain conflicting entries for (Namespace:UICommands, Key:Save_ToolTip):
Resource: (D:/Epic Games/4.7/Engine/Content/Localization/Editor/en/Editor.locres) Hash: (-29098895) String: (Saves the current level to disk)
Resource: (D:/Epic Games/4.7/Engine/Content/Localization/Engine/en/Engine.locres) Hash: (-1280300587) String: (Save selected data to vlog file)
[2015.04.12-22.48.10:969][  0]LogTextLocalizationManager:Warning: Loading localization resources contain conflicting entries for (Namespace:ContentBrowser, Key:ImportAssetToolTip):
Resource: (D:/Epic Games/4.7/Engine/Content/Localization/Editor/en/Editor.locres) Hash: (-630476809) String: (Import to {0}...)
Resource: (D:/Epic Games/4.7/Engine/Content/Localization/Editor/en/Editor.locres) Hash: (1271782899) String: (Imports an asset from file to this folder.)
[2015.04.12-22.48.11:059][  0]LogContentStreaming: Texture pool size is 0.000000MB
[2015.04.12-22.48.13:657][  0]LogTargetPlatformManager:Display: Building Assets For Windows
[2015.04.12-22.48.14:217][  0]LogTargetPlatformManager:Display: Building Assets For Windows
[2015.04.12-22.48.14:288][  0]LogDerivedDataCache:Display: Max Cache Size: 512 MB
[2015.04.12-22.48.14:352][  0]LogDerivedDataCache: Loaded boot cache 0.06s 67MB C:/Users/tyler/AppData/Local/UnrealEngine/4.7/DerivedDataCache/Boot.ddc.
[2015.04.12-22.48.14:352][  0]LogDerivedDataCache:Display: Loaded Boot cache: C:/Users/tyler/AppData/Local/UnrealEngine/4.7/DerivedDataCache/Boot.ddc
[2015.04.12-22.48.14:352][  0]LogDerivedDataCache: FDerivedDataBackendGraph:  Pak pak cache file ../../../../../Tyler/Documents/GitHub/Games/Sandbox/BluePrints/Blueprints1/DerivedDataCache/DDC.ddp not found, will not use a pak cache.
[2015.04.12-22.48.14:352][  0]LogDerivedDataCache: Unable to find inner node Pak for hierarchical cache Hierarchy.
[2015.04.12-22.48.14:498][  0]LogDerivedDataCache:Display: Pak cache opened for reading ../../../Engine/DerivedDataCache/Compressed.ddp.
[2015.04.12-22.48.14:510][  0]LogDerivedDataCache: Using Local data cache path C:/Users/tyler/AppData/Local/UnrealEngine/Common/DerivedDataCache: Writable
[2015.04.12-22.48.14:844][  0]LogMeshUtilities: No automatic mesh reduction module available
[2015.04.12-22.48.14:844][  0]LogMeshUtilities: No automatic mesh merging module available
[2015.04.12-22.48.15:288][  0]LogInit: WinSock: version 1.1 (2.2), MaxSocks=32767, MaxUdp=65467
[2015.04.12-22.48.15:377][  0]LogSlate:Warning: Failed to load font data from '../../../Engine/Content/Slate/Fonts/Roboto-Italic.ttf'
[2015.04.12-22.48.16:272][  0]UdpMessaging: Initializing bridge on interface 0.0.0.0:0 to multicast group 230.0.0.1:6666.
[2015.04.12-22.48.16:485][  0]SourceControl: Info Source control is disabled
[2015.04.12-22.48.16:485][  0]SourceControl: Info Source control is disabled
[2015.04.12-22.48.16:485][  0]SourceControl: Info Source control is disabled
[2015.04.12-22.48.16:485][  0]LogSourceControl: RunCommandInternalRaw: 'git version'
[2015.04.12-22.48.16:485][  0]LogSourceControl: RunCommandInternalRaw: ExecProcess ReturnCode=2 OutResults=''
[2015.04.12-22.48.16:495][  0]SourceControl: Info Source control is disabled
[2015.04.12-22.48.16:697][  0]LogObj: 24232 objects as part of root set at end of initial load.
[2015.04.12-22.48.16:697][  0]LogUObjectAllocator: 5137176 out of 0 bytes used by permanent object pool.
[2015.04.12-22.48.16:795][  0]LogEngine: Initializing Engine...
[2015.04.12-22.48.18:995][  0]LogInit: XAudio2 using 'Speakers (2- High Definition Audio Device)' : 2 channels at 44.1 kHz using 16 bits per sample (channel mask 0x3)
[2015.04.12-22.48.19:010][  0]LogInit: FAudioDevice initialized.
[2015.04.12-22.48.19:052][  0]LogAIModule: Creating AISystem for world NewWorld
[2015.04.12-22.48.19:078][  0]LogDerivedDataCache: Saved boot cache 0.03s 39MB C:/Users/tyler/AppData/Local/UnrealEngine/4.7/DerivedDataCache/Boot.ddc.
[2015.04.12-22.48.19:087][  0]LogInit: Texture streaming: Enabled
[2015.04.12-22.48.19:204][  0]LogAnalytics: Creating configured Analytics provider AnalyticsET
[2015.04.12-22.48.19:204][  0]LogAnalytics: ET APIKey = Rocket.Release. APIServer = http://et2.epicgames.com/ET2/. AppVersion = 4.7.5-2503383+++depot+UE4-Releases+4.7
[2015.04.12-22.48.19:204][  0]LogAnalytics: ET APIKey = Rocket.Release. DataRouterUploadURL = https://datarouter-public-service-gamedev.ol.epicgames.net/datarouter/api/v1/public/data. AppVersion = 4.7.5-2503383+++depot+UE4-Releases+4.7
[2015.04.12-22.48.19:204][  0]LogAnalytics: SetUserId cd12d6bf4b729a9f6ba70cb844a09567|71ce951bf3604114a422a27333520941|2c8b098c-dff3-496a-b981-565ca309ad16
[2015.04.12-22.48.19:204][  0]LogAnalytics: AnalyticsET::StartSession [Rocket.Release]
[2015.04.12-22.48.19:225][  0]LogInit: Transaction tracking system initialized
[2015.04.12-22.48.19:414][  0]BlueprintLog: New page: Editor Load
[2015.04.12-22.48.19:452][  0]LogAssetRegistry: FAssetRegistry took 0.0112 seconds to start up
[2015.04.12-22.48.19:452][  0]LogDirectoryWatcher:Warning: Failed to begin reading directory changes for ../../../Engine/Plugins/Experimental/CharacterAI/Content/. Error: 0
[2015.04.12-22.48.20:054][  0]LogTargetPlatformManager:Display: Building Assets For Windows
[2015.04.12-22.48.20:450][  0]LogTargetPlatformManager:Display: Building Assets For Windows
[2015.04.12-22.48.20:731][  0]LogSlate:Warning: Failed to load font data from '../../../Engine/Content/Editor/Slate/Fonts/Roboto-Regular.ttf'
[2015.04.12-22.48.20:732][  0]LogSlate:Warning: Failed to load font data from '../../../Engine/Content/Editor/Slate/Fonts/Roboto-Bold.ttf'
[2015.04.12-22.48.20:737][  0]LogConsoleResponse:Display: 
[2015.04.12-22.48.20:884][  0]LogCook:Display: Done creating registry. It took  0.00s.
[2015.04.12-22.48.21:041][  0]SourceControl: Info Source control is disabled
[2015.04.12-22.48.21:042][  0]Cmd: MAP LOAD FILE="../../../../../Tyler/Documents/GitHub/Games/Sandbox/BluePrints/Blueprints1/Content/FirstPersonBP/Maps/FirstPersonExampleMap.umap" TEMPLATE=0 SHOWPROGRESS=1 FEATURELEVEL=3
[2015.04.12-22.48.21:042][  0]LightingResults: New page: Lighting Build
[2015.04.12-22.48.21:056][  0]MapCheck: New page: Map Check
[2015.04.12-22.48.21:056][  0]LightingResults: New page: Lighting Build
[2015.04.12-22.48.21:066][  0]LogParticles: Destroying 0 GPU particle simulations for FXSystem 0x000000CBCB9EA980
[2015.04.12-22.48.21:076][  0]LogLinker:Warning: Asset '../../../Engine/Content/EngineMeshes/Humanoid.uasset' has been saved with empty engine version. The asset will be loaded but may be incompatible.
[2015.04.12-22.48.22:842][  0]LogTexture:Display: Building textures: HQ_Lightmap0_1 (AutoDXT)
[2015.04.12-22.48.25:967][  0]LogTexture:Display: Building textures: HQ_Lightmap0_2 (AutoDXT)
[2015.04.12-22.48.26:973][  0]LogTexture:Display: Building textures: HQ_Lightmap0_3 (AutoDXT)
[2015.04.12-22.48.27:871][  0]LogTexture:Display: Building textures: HQ_Lightmap0_4 (AutoDXT)
[2015.04.12-22.48.28:732][  0]LogTexture:Display: Building textures: HQ_Lightmap0_5 (AutoDXT)
[2015.04.12-22.48.29:676][  0]LogTexture:Display: Building textures: HQ_Lightmap0_6 (AutoDXT)
[2015.04.12-22.48.30:561][  0]LogTexture:Display: Building textures: HQ_Lightmap0_7 (AutoDXT)
[2015.04.12-22.48.31:261][  0]LogTexture:Display: Building textures: HQ_Lightmap0_8 (AutoDXT)
[2015.04.12-22.48.31:317][  0]LogTexture:Display: Building textures: LQ_Lightmap_0_2 (DXT1)
[2015.04.12-22.48.31:614][  0]LogTexture:Display: Building textures: LQ_Lightmap_0_3 (DXT1)
[2015.04.12-22.48.31:916][  0]LogTexture:Display: Building textures: LQ_Lightmap_0_4 (DXT1)
[2015.04.12-22.48.32:206][  0]LogTexture:Display: Building textures: LQ_Lightmap_0_5 (DXT1)
[2015.04.12-22.48.32:513][  0]LogTexture:Display: Building textures: LQ_Lightmap_0_6 (DXT1)
[2015.04.12-22.48.32:823][  0]LogTexture:Display: Building textures: LQ_Lightmap_0_7 (DXT1)
[2015.04.12-22.48.33:061][  0]LogTexture:Display: Building textures: LQ_Lightmap_0_8 (DXT1)
[2015.04.12-22.48.33:262][  0]LogTexture:Display: Building textures: LQ_Lightmap_1_1 (DXT1)
[2015.04.12-22.48.34:311][  0]LogEditorServer: Finished looking for orphan Actors (0.000 secs)
[2015.04.12-22.48.34:594][  0]LogAIModule: Creating AISystem for world FirstPersonExampleMap
[2015.04.12-22.48.34:595][  0]Cmd: MAP CHECKDEP
[2015.04.12-22.48.34:595][  0]MapCheck: New page: FirstPersonExampleMap - Apr 12, 2015, 2:48:34 PM
[2015.04.12-22.48.34:706][  0]MapCheck: Info Map check complete: 0 Error(s), 0 Warning(s), took 110.493ms to complete.
[2015.04.12-22.48.34:706][  0]LogFileHelpers: Loading map 'FirstPersonExampleMap' took 13.665
[2015.04.12-22.48.34:799][  0]LogCollectionManager: Loaded 0 collections in 0.002042 seconds
[2015.04.12-22.48.34:810][  0]LogContentBrowser: Native class hierarchy populated in 0.0105 seconds. Added 1696 classes and 261 folders.
[2015.04.12-22.48.34:834][  0]LogContentBrowser:Verbose: The content browser source was changed by the sources view to '/Game'
[2015.04.12-22.48.34:914][  0]LogContentBrowser: Native class hierarchy updated for 'SceneOutliner' in 0.0018 seconds. Added 1 classes and 2 folders.
[2015.04.12-22.48.34:976][  0]LogCrashTracker: Crashtracker disabled due to settings.
[2015.04.12-22.48.34:977][  0]LogSlate:Warning: Failed to load font data from 'Veranda'
[2015.04.12-22.48.34:983][  0]LogUObjectGlobals:Warning: Failed to find object 'Class None.'
[2015.04.12-22.48.35:009][  0]LogLoad: Full Startup: 26.23 seconds (BP compile: 0.64 seconds)
[2015.04.12-22.48.35:591][  0]LogRenderer:Warning: Reallocating scene render targets to support 1624x1448 (Frame:2).
[2015.04.12-22.48.37:783][  7]LogAssetRegistry: Asset discovery search completed in 18.3423 seconds
[2015.04.12-22.48.54:273][339]LogEditorViewport: Clicking on Actor (context menu): StaticMeshActor (Floor2)
[2015.04.12-22.48.55:658][449]LogEditorViewport: Clicking on Actor (LMB): StaticMeshActor (Floor2)
[2015.04.12-22.49.05:086][734]LogEditorViewport: Clicking on Actor (LMB): BP_Sky_Sphere_C (SkySphereBlueprint)
[2015.04.12-22.49.53:604][139]LogEditorViewport: Clicking on Actor (LMB): BP_Sky_Sphere_C (SkySphereBlueprint)
[2015.04.12-22.50.15:482][207]Cmd: DELETE
[2015.04.12-22.50.15:482][207]Cmd: ACTOR DELETE
[2015.04.12-22.50.15:483][207]LogEditorActor: Deleted Actor: LightmassImportanceVolume
[2015.04.12-22.50.18:928][207]LogEditorActor: Deleted Actor: DirectionalLight
[2015.04.12-22.50.18:930][207]LogEditorActor: Deleted Actor: AtmosphericFog
[2015.04.12-22.50.18:938][207]LogEditorActor: Deleted Actor: SphereReflectionCapture
[2015.04.12-22.50.18:966][207]LogEditorActor: Deleted 4 Actors (3.484 secs)
[2015.04.12-22.50.20:283][261]LogEditorViewport: Clicking on Actor (LMB): BP_Sky_Sphere_C (SkySphereBlueprint)
[2015.04.12-22.50.22:584][356]LogEditorViewport: Clicking on Actor (LMB): StaticMeshActor (Wall8)
[2015.04.12-22.50.23:781][401]LogEditorViewport: Clicking on Actor (LMB): TriggerBox (TriggerBox)
[2015.04.12-22.57.28:067][ 78]LogContentBrowser:Verbose: The content browser source was changed by the sources view to 'None'
[2015.04.12-22.57.28:067][ 78]LogContentBrowser:Verbose: The content browser source was changed by the sources view to '/Game'
[2015.04.12-22.57.58:287][269]LogEditorViewport: Clicking on Actor (CTRL LMB): PointLight (PointLight)
[2015.04.12-22.58.48:631][252]LogSavePackage: Save=2445.225830ms
[2015.04.12-22.58.48:631][252]LogSavePackage: Moving '../../../../../Tyler/Documents/GitHub/Games/Sandbox/BluePrints/Blueprints1/Saved/FirstPersonExampleMap_Auto18C5104274B703CCA3398E19989832D10.tmp' to '../../../../../Tyler/Documents/GitHub/Games/Sandbox/BluePrints/Blueprints1/Saved/Autosaves/Game/FirstPersonBP/Maps/FirstPersonExampleMap_Auto1.umap'
[2015.04.12-22.58.48:639][252]LogFileHelpers: Editor autosave (incl. sublevels) for '/Game/FirstPersonBP/Maps/FirstPersonExampleMap' took 2.570
[2015.04.12-22.58.48:639][252]LogFileHelpers: Editor autosave (incl. sublevels) for all levels took 2.570
[2015.04.12-22.58.48:677][252]OBJ SavePackage: Generating thumbnails for [0] asset(s) in package [/Game/LightTriggerBox_Blueprint] ([1] browsable assets)...
[2015.04.12-22.58.48:677][252]OBJ SavePackage: Finished generating thumbnails for package [/Game/LightTriggerBox_Blueprint]
[2015.04.12-22.58.48:778][252]LogSavePackage: Save=82.009262ms
[2015.04.12-22.58.48:778][252]LogSavePackage: Moving '../../../../../Tyler/Documents/GitHub/Games/Sandbox/BluePrints/Blueprints1/Saved/LightTriggerBox_Blueprint_Auto16EC623A14B75A09B0765AA92A0CBB028.tmp' to '../../../../../Tyler/Documents/GitHub/Games/Sandbox/BluePrints/Blueprints1/Saved/Autosaves/Game/LightTriggerBox_Blueprint_Auto1.uasset'
[2015.04.12-22.58.48:782][252]LogFileHelpers: Auto-saving content packages took 0.143
[2015.04.12-23.01.51:868][175]BlueprintLog: New page: Compile LightTriggerBox_Blueprint
[2015.04.12-23.01.51:943][175]BlueprintEditorCompileResults: Info [0823.17] Compile of LightTriggerBox_Blueprint successful! [in 74 ms]
[2015.04.12-23.03.45:918][954]LogEditorViewport: Clicking on Actor (LMB): BP_Sky_Sphere_C (SkySphereBlueprint)
[2015.04.12-23.03.46:920][994]LogEditorViewport: Clicking on Actor (LMB): LightTriggerBox_Blueprint_C (LightTriggerBox_Blueprint)
[2015.04.12-23.04.22:979][998]LogEditorViewport: Clicking on Actor (LMB): PointLight (PointLight)
[2015.04.12-23.04.27:361][172]LogEditorViewport: Clicking on Actor (LMB): LightTriggerBox_Blueprint_C (LightTriggerBox_Blueprint)
[2015.04.12-23.04.36:311][722]LogEditorViewport: Clicking on Actor (LMB): LightTriggerBox_Blueprint_C (LightTriggerBox_Blueprint)
[2015.04.12-23.04.53:239][411]LogEditorViewport: Clicking on Actor (LMB): BP_Sky_Sphere_C (SkySphereBlueprint)
[2015.04.12-23.04.54:698][470]LogEditorViewport: Clicking on Actor (LMB): LightTriggerBox_Blueprint_C (LightTriggerBox_Blueprint)
[2015.04.12-23.08.19:322][214]BlueprintLog: New page: Compile LightTriggerBox_Blueprint
[2015.04.12-23.08.19:420][214]BlueprintEditorCompileResults: Info [1210.64] Compile of LightTriggerBox_Blueprint successful! [in 97 ms]
[2015.04.12-23.08.51:490][418]LogSavePackage: Save=2438.054443ms
[2015.04.12-23.08.51:490][418]LogSavePackage: Moving '../../../../../Tyler/Documents/GitHub/Games/Sandbox/BluePrints/Blueprints1/Saved/FirstPersonExampleMap_Auto261DA63254E5C1FD1EBF06084EF5B0964.tmp' to '../../../../../Tyler/Documents/GitHub/Games/Sandbox/BluePrints/Blueprints1/Saved/Autosaves/Game/FirstPersonBP/Maps/FirstPersonExampleMap_Auto2.umap'
[2015.04.12-23.08.51:510][418]LogFileHelpers: Editor autosave (incl. sublevels) for '/Game/FirstPersonBP/Maps/FirstPersonExampleMap' took 2.545
[2015.04.12-23.08.51:510][418]LogFileHelpers: Editor autosave (incl. sublevels) for all levels took 2.545
[2015.04.12-23.08.51:552][418]OBJ SavePackage: Generating thumbnails for [0] asset(s) in package [/Game/LightTriggerBox_Blueprint] ([1] browsable assets)...
[2015.04.12-23.08.51:552][418]OBJ SavePackage: Finished generating thumbnails for package [/Game/LightTriggerBox_Blueprint]
[2015.04.12-23.08.51:666][418]LogSavePackage: Save=88.830292ms
[2015.04.12-23.08.51:667][418]LogSavePackage: Moving '../../../../../Tyler/Documents/GitHub/Games/Sandbox/BluePrints/Blueprints1/Saved/LightTriggerBox_Blueprint_Auto28EDA045448292AC6ECFD3D8A20808FF9.tmp' to '../../../../../Tyler/Documents/GitHub/Games/Sandbox/BluePrints/Blueprints1/Saved/Autosaves/Game/LightTriggerBox_Blueprint_Auto2.uasset'
[2015.04.12-23.08.51:677][418]LogFileHelpers: Auto-saving content packages took 0.167
[2015.04.12-23.09.39:169][594]BlueprintLog: New page: Compile LightTriggerBox_Blueprint
[2015.04.12-23.09.39:310][594]BlueprintEditorCompileResults: Info [1290.53] Compile of LightTriggerBox_Blueprint successful! [in 141 ms]
[2015.04.12-23.10.37:973][465]LogLinker:Warning: Can't find file '/Game/LightTriggerBox_Blueprint'
[2015.04.12-23.10.37:973][465]LogLinker: Can't find file '/Game/LightTriggerBox_Blueprint'
[2015.04.12-23.10.37:974][465]LogLinker:Warning: Can't find file '/Game/LightTriggerBox_Blueprint'
[2015.04.12-23.10.37:974][465]LogLinker: Can't find file '/Game/LightTriggerBox_Blueprint'
[2015.04.12-23.10.39:615][529]LogLinker:Warning: Can't find file '/Game/LightTriggerBox_Blueprint'
[2015.04.12-23.10.39:615][529]LogLinker: Can't find file '/Game/LightTriggerBox_Blueprint'
[2015.04.12-23.10.39:616][529]LogLinker:Warning: Can't find file '/Game/LightTriggerBox_Blueprint'
[2015.04.12-23.10.39:616][529]LogLinker: Can't find file '/Game/LightTriggerBox_Blueprint'
[2015.04.12-23.10.46:498][799]LogEditorViewport: Clicking on Actor (LMB): StaticMeshActor (Floor2)
[2015.04.12-23.10.47:816][846]LogEditorViewport: Clicking on Actor (LMB): LightTriggerBox_Blueprint_C (LightTriggerBox_Blueprint)
[2015.04.12-23.10.59:536][500]Cmd: DELETE
[2015.04.12-23.10.59:536][500]Cmd: ACTOR DELETE
[2015.04.12-23.10.59:537][500]LogEditorActor: Deleted Actor: LightTriggerBox_Blueprint_C
[2015.04.12-23.10.59:559][500]LogEditorActor: Deleted 1 Actors (0.023 secs)
[2015.04.12-23.11.00:908][555]LogEditorViewport: Clicking on Actor (LMB): LightTriggerBox_Blueprint_C (LightTriggerBox_Blueprint2)
[2015.04.12-23.18.54:328][430]LogSavePackage: Save=2569.709229ms
[2015.04.12-23.18.54:328][430]LogSavePackage: Moving '../../../../../Tyler/Documents/GitHub/Games/Sandbox/BluePrints/Blueprints1/Saved/FirstPersonExampleMap_Auto387825D3546AC54C484C3ABAD56D6342B.tmp' to '../../../../../Tyler/Documents/GitHub/Games/Sandbox/BluePrints/Blueprints1/Saved/Autosaves/Game/FirstPersonBP/Maps/FirstPersonExampleMap_Auto3.umap'
[2015.04.12-23.18.54:334][430]LogFileHelpers: Editor autosave (incl. sublevels) for '/Game/FirstPersonBP/Maps/FirstPersonExampleMap' took 2.714
[2015.04.12-23.18.54:334][430]LogFileHelpers: Editor autosave (incl. sublevels) for all levels took 2.714
[2015.04.12-23.18.54:371][430]OBJ SavePackage: Generating thumbnails for [0] asset(s) in package [/Game/LightTriggerBox_Blueprint] ([1] browsable assets)...
[2015.04.12-23.18.54:371][430]OBJ SavePackage: Finished generating thumbnails for package [/Game/LightTriggerBox_Blueprint]
[2015.04.12-23.18.54:469][430]LogSavePackage: Save=89.392654ms
[2015.04.12-23.18.54:470][430]LogSavePackage: Moving '../../../../../Tyler/Documents/GitHub/Games/Sandbox/BluePrints/Blueprints1/Saved/LightTriggerBox_Blueprint_Auto34B9DB7EA43E1C85E4CB722B901C779CF.tmp' to '../../../../../Tyler/Documents/GitHub/Games/Sandbox/BluePrints/Blueprints1/Saved/Autosaves/Game/LightTriggerBox_Blueprint_Auto3.uasset'
[2015.04.12-23.18.54:474][430]LogFileHelpers: Auto-saving content packages took 0.141
[2015.04.12-23.20.27:995][932]LogEditorViewport: Clicking on Actor (LMB): BP_Sky_Sphere_C (SkySphereBlueprint)
[2015.04.12-23.20.33:650][150]LogEditorViewport: Clicking on Actor (LMB): LightTriggerBox_Blueprint_C (LightTriggerBox_Blueprint)
[2015.04.12-23.22.46:528][957]Cmd: QUIT_EDITOR
[2015.04.12-23.22.46:815][957]LogExit: Preparing to exit.
[2015.04.12-23.22.47:517][957]LogExit: Editor shut down
[2015.04.12-23.22.47:518][957]LogExit: Transaction tracking system shut down
[2015.04.12-23.22.47:521][957]LogParticles: Destroying 0 GPU particle simulations for FXSystem 0x000000CBC5A4D8A0
[2015.04.12-23.22.47:521][957]LogParticles: Destroying 0 GPU particle simulations for FXSystem 0x000000CBC64C3BA0
[2015.04.12-23.22.47:522][957]LogParticles: Destroying 0 GPU particle simulations for FXSystem 0x000000CBC6057880
[2015.04.12-23.22.47:523][957]LogParticles: Destroying 0 GPU particle simulations for FXSystem 0x000000CBC6BF4360
[2015.04.12-23.22.47:523][957]LogParticles: Destroying 0 GPU particle simulations for FXSystem 0x000000CBC6BF45E0
[2015.04.12-23.22.47:524][957]LogParticles: Destroying 0 GPU particle simulations for FXSystem 0x000000CB8FAB7E20
[2015.04.12-23.22.47:857][957]LogParticles: Destroying 0 GPU particle simulations for FXSystem 0x000000CB8FD3BE20
[2015.04.12-23.22.47:857][957]LogExit: Object subsystem successfully closed.
[2015.04.12-23.22.47:914][957]LogModuleManager: Shutting down and abandoning module CrashTracker (177)
[2015.04.12-23.22.47:914][957]LogModuleManager: Shutting down and abandoning module SuperSearch (176)
[2015.04.12-23.22.47:914][957]LogModuleManager: Shutting down and abandoning module SceneOutliner (175)
[2015.04.12-23.22.47:914][957]LogModuleManager: Shutting down and abandoning module EditorWidgets (174)
[2015.04.12-23.22.47:914][957]LogModuleManager: Shutting down and abandoning module CollectionManager (173)
[2015.04.12-23.22.47:915][957]LogModuleManager: Shutting down and abandoning module StatsViewer (172)
[2015.04.12-23.22.47:915][957]LogModuleManager: Shutting down and abandoning module FoliageEdit (171)
[2015.04.12-23.22.47:915][957]LogModuleManager: Shutting down and abandoning module LandscapeEditor (170)
[2015.04.12-23.22.47:915][957]LogModuleManager: Shutting down and abandoning module MeshPaint (169)
[2015.04.12-23.22.47:915][957]LogModuleManager: Shutting down and abandoning module ActorPickerMode (168)
[2015.04.12-23.22.47:915][957]LogModuleManager: Shutting down and abandoning module GeometryMode (167)
[2015.04.12-23.22.47:915][957]LogModuleManager: Shutting down and abandoning module TextureAlignMode (166)
[2015.04.12-23.22.47:915][957]LogModuleManager: Shutting down and abandoning module BspMode (165)
[2015.04.12-23.22.47:915][957]LogModuleManager: Shutting down and abandoning module PlacementMode (164)
[2015.04.12-23.22.47:915][957]LogModuleManager: Shutting down and abandoning module AutomationWorker (163)
[2015.04.12-23.22.47:915][957]LogModuleManager: Shutting down and abandoning module CharacterAI (162)
[2015.04.12-23.22.47:915][957]LogModuleManager: Shutting down and abandoning module SmartSnapping (161)
[2015.04.12-23.22.47:915][957]LogModuleManager: Shutting down and abandoning module ViewportSnapping (160)
[2015.04.12-23.22.47:915][957]LogModuleManager: Shutting down and abandoning module LogVisualizer (159)
[2015.04.12-23.22.47:915][957]LogModuleManager: Shutting down and abandoning module GameProjectGeneration (158)
[2015.04.12-23.22.47:915][957]LogModuleManager: Shutting down and abandoning module IntroTutorials (157)
[2015.04.12-23.22.47:915][957]LogModuleManager: Shutting down and abandoning module EditorLiveStreaming (156)
[2015.04.12-23.22.47:915][957]LogModuleManager: Shutting down and abandoning module HardwareTargeting (155)
[2015.04.12-23.22.47:915][957]LogModuleManager: Shutting down and abandoning module DeviceProfileEditor (154)
[2015.04.12-23.22.47:915][957]LogModuleManager: Shutting down and abandoning module UndoHistory (153)
[2015.04.12-23.22.47:915][957]LogModuleManager: Shutting down and abandoning module GameplayTagsEditor (152)
[2015.04.12-23.22.47:915][957]LogModuleManager: Shutting down and abandoning module UserFeedback (151)
[2015.04.12-23.22.47:915][957]LogModuleManager: Shutting down and abandoning module XmlParser (150)
[2015.04.12-23.22.47:915][957]LogModuleManager: Shutting down and abandoning module Blutility (149)
[2015.04.12-23.22.47:915][957]LogModuleManager: Shutting down and abandoning module IOSPlatformEditor (148)
[2015.04.12-23.22.47:915][957]LogModuleManager: Shutting down and abandoning module IOSRuntimeSettings (147)
[2015.04.12-23.22.47:915][957]LogModuleManager: Shutting down and abandoning module AndroidDeviceDetection (146)
[2015.04.12-23.22.48:651][957]LogModuleManager: Shutting down and abandoning module AndroidPlatformEditor (145)
[2015.04.12-23.22.48:651][957]LogModuleManager: Shutting down and abandoning module AndroidRuntimeSettings (144)
[2015.04.12-23.22.48:651][957]LogModuleManager: Shutting down and abandoning module ProjectTargetPlatformEditor (143)
[2015.04.12-23.22.48:651][957]LogModuleManager: Shutting down and abandoning module ProjectSettingsViewer (142)
[2015.04.12-23.22.48:651][957]LogModuleManager: Shutting down and abandoning module InputBindingEditor (141)
[2015.04.12-23.22.48:651][957]LogModuleManager: Shutting down and abandoning module EditorSettingsViewer (140)
[2015.04.12-23.22.48:651][957]LogModuleManager: Shutting down and abandoning module SettingsEditor (139)
[2015.04.12-23.22.48:651][957]LogModuleManager: Shutting down and abandoning module ProjectLauncher (138)
[2015.04.12-23.22.48:651][957]LogModuleManager: Shutting down and abandoning module SessionFrontend (137)
[2015.04.12-23.22.48:652][957]LogModuleManager: Shutting down and abandoning module ProfilerClient (136)
[2015.04.12-23.22.48:652][957]LogModuleManager: Shutting down and abandoning module TargetDeviceServices (135)
[2015.04.12-23.22.48:652][957]LogModuleManager: Shutting down and abandoning module DeviceManager (134)
[2015.04.12-23.22.48:652][957]LogModuleManager: Shutting down and abandoning module AutomationController (133)
[2015.04.12-23.22.48:652][957]LogModuleManager: Shutting down and abandoning module AutomationWindow (132)
[2015.04.12-23.22.48:652][957]LogModuleManager: Shutting down and abandoning module Layers (131)
[2015.04.12-23.22.48:652][957]LogModuleManager: Shutting down and abandoning module ComponentVisualizers (130)
[2015.04.12-23.22.48:652][957]LogModuleManager: Shutting down and abandoning module DetailCustomizations (129)
[2015.04.12-23.22.48:652][957]LogModuleManager: Shutting down and abandoning module PackagesDialog (128)
[2015.04.12-23.22.48:653][957]LogModuleManager: Shutting down and abandoning module AssetRegistry (127)
[2015.04.12-23.22.48:722][957]LogModuleManager: Shutting down and abandoning module Persona (126)
[2015.04.12-23.22.48:722][957]LogModuleManager: Shutting down and abandoning module SlateReflector (125)
[2015.04.12-23.22.48:722][957]LogModuleManager: Shutting down and abandoning module LevelEditor (124)
[2015.04.12-23.22.48:724][957]LogModuleManager: Shutting down and abandoning module Kismet (123)
[2015.04.12-23.22.48:724][957]LogModuleManager: Shutting down and abandoning module GraphEditor (122)
[2015.04.12-23.22.48:724][957]LogModuleManager: Shutting down and abandoning module ClassViewer (121)
[2015.04.12-23.22.48:724][957]LogModuleManager: Shutting down and abandoning module Toolbox (120)
[2015.04.12-23.22.48:724][957]LogModuleManager: Shutting down and abandoning module ModuleUI (119)
[2015.04.12-23.22.48:724][957]LogModuleManager: Shutting down and abandoning module MovieSceneTools (118)
[2015.04.12-23.22.48:724][957]LogModuleManager: Shutting down and abandoning module OutputLog (117)
[2015.04.12-23.22.48:724][957]LogModuleManager: Shutting down and abandoning module GammaUI (116)
[2015.04.12-23.22.48:724][957]LogModuleManager: Shutting down and abandoning module Documentation (115)
[2015.04.12-23.22.48:724][957]LogModuleManager: Shutting down and abandoning module GameLiveStreaming (114)
[2015.04.12-23.22.48:724][957]LogModuleManager: Shutting down and abandoning module StreamingPauseRendering (113)
[2015.04.12-23.22.48:724][957]LogModuleManager: Shutting down and abandoning module HTTP (112)
[2015.04.12-23.22.48:724][957]LogModuleManager: Shutting down and abandoning module AnalyticsET (111)
[2015.04.12-23.22.48:724][957]LogModuleManager: Shutting down and abandoning module Analytics (110)
[2015.04.12-23.22.48:724][957]LogModuleManager: Shutting down and abandoning module AITestSuite (109)
[2015.04.12-23.22.48:724][957]LogModuleManager: Shutting down and abandoning module GameplayDebugger (108)
[2015.04.12-23.22.48:724][957]LogModuleManager: Shutting down and abandoning module AIModule (107)
[2015.04.12-23.22.48:724][957]LogModuleManager: Shutting down and abandoning module ProfilerService (106)
[2015.04.12-23.22.48:842][957]LogModuleManager: Shutting down and abandoning module TaskGraph (105)
[2015.04.12-23.22.48:842][957]LogModuleManager: Shutting down and abandoning module SlateRemote (104)
[2015.04.12-23.22.48:842][957]LogModuleManager: Shutting down and abandoning module ScriptEditorPlugin (103)
[2015.04.12-23.22.48:842][957]LogModuleManager: Shutting down and abandoning module CustomMeshComponent (102)
[2015.04.12-23.22.48:842][957]LogModuleManager: Shutting down and abandoning module CableComponent (101)
[2015.04.12-23.22.48:842][957]LogModuleManager: Shutting down and abandoning module MessagingDebugger (100)
[2015.04.12-23.22.48:842][957]LogModuleManager: Shutting down and abandoning module MediaPlayerEditor (99)
[2015.04.12-23.22.48:842][957]LogModuleManager: Shutting down and abandoning module SpeedTreeImporter (98)
[2015.04.12-23.22.48:842][957]LogModuleManager: Shutting down and abandoning module PluginsEditor (97)
[2015.04.12-23.22.48:842][957]LogModuleManager: Shutting down and abandoning module MainFrame (96)
[2015.04.12-23.22.48:842][957]LogModuleManager: Shutting down and abandoning module EpicSurvey (95)
[2015.04.12-23.22.48:842][957]LogModuleManager: Shutting down and abandoning module DesktopPlatform (94)
[2015.04.12-23.22.48:842][957]LogModuleManager: Shutting down and abandoning module DirectoryWatcher (93)
[2015.04.12-23.22.48:843][957]LogModuleManager: Shutting down and abandoning module HotReload (92)
[2015.04.12-23.22.48:843][957]LogModuleManager: Shutting down and abandoning module VisualStudioSourceCodeAccess (91)
[2015.04.12-23.22.48:843][957]LogModuleManager: Shutting down and abandoning module UObjectPlugin (90)
[2015.04.12-23.22.48:843][957]LogModuleManager: Shutting down and abandoning module SubversionSourceControl (89)
[2015.04.12-23.22.48:843][957]LogModuleManager: Shutting down and abandoning module PerforceSourceControl (88)
[2015.04.12-23.22.48:844][957]LogModuleManager: Shutting down and abandoning module SourceControl (87)
[2015.04.12-23.22.48:844][957]LogModuleManager: Shutting down and abandoning module GitSourceControl (86)
[2015.04.12-23.22.48:844][957]LogModuleManager: Shutting down and abandoning module BlankPlugin (85)
[2015.04.12-23.22.48:844][957]LogModuleManager: Shutting down and abandoning module PaperTiledImporter (84)
[2015.04.12-23.22.48:844][957]LogModuleManager: Shutting down and abandoning module PaperJsonImporter (83)
[2015.04.12-23.22.48:844][957]LogModuleManager: Shutting down and abandoning module ContentBrowser (82)
[2015.04.12-23.22.48:844][957]LogModuleManager: Shutting down and abandoning module Paper2DEditor (81)
[2015.04.12-23.22.48:845][957]LogModuleManager: Shutting down and abandoning module ScriptPlugin (80)
[2015.04.12-23.22.48:845][957]LogModuleManager: Shutting down and abandoning module UdpMessaging (79)
[2015.04.12-23.22.48:946][957]LogModuleManager: Shutting down and abandoning module Paper2D (78)
[2015.04.12-23.22.48:946][957]LogModuleManager: Shutting down and abandoning module WindowsMoviePlayer (77)
[2015.04.12-23.22.48:948][957]LogModuleManager: Shutting down and abandoning module Media (76)
[2015.04.12-23.22.48:948][957]LogModuleManager: Shutting down and abandoning module WmfMedia (75)
[2015.04.12-23.22.48:948][957]LogModuleManager: Shutting down and abandoning module OnlineBlueprintSupport (74)
[2015.04.12-23.22.48:948][957]LogModuleManager: Shutting down and abandoning module PropertyEditor (73)
[2015.04.12-23.22.48:948][957]LogModuleManager: Shutting down and abandoning module BehaviorTreeEditor (72)
[2015.04.12-23.22.48:948][957]LogModuleManager: Shutting down and abandoning module FunctionalTesting (71)
[2015.04.12-23.22.48:948][957]LogModuleManager: Shutting down and abandoning module CollisionAnalyzer (70)
[2015.04.12-23.22.48:948][957]LogModuleManager: Shutting down and abandoning module WorkspaceMenuStructure (69)
[2015.04.12-23.22.48:948][957]LogModuleManager: Shutting down and abandoning module MessageLog (68)
[2015.04.12-23.22.48:948][957]LogModuleManager: Shutting down and abandoning module Sequencer (67)
[2015.04.12-23.22.48:948][957]LogModuleManager: Shutting down and abandoning module AssetTools (66)
[2015.04.12-23.22.48:948][957]LogModuleManager: Shutting down and abandoning module UMGEditor (65)
[2015.04.12-23.22.48:948][957]LogModuleManager: Shutting down and abandoning module UMG (64)
[2015.04.12-23.22.48:948][957]LogModuleManager: Shutting down and abandoning module Slate (63)
[2015.04.12-23.22.48:948][957]LogModuleManager: Shutting down and abandoning module EditorStyle (62)
[2015.04.12-23.22.48:952][957]LogModuleManager: Shutting down and abandoning module SessionServices (61)
[2015.04.12-23.22.48:952][957]LogModuleManager: Shutting down and abandoning module SourceCodeAccess (60)
[2015.04.12-23.22.48:952][957]LogModuleManager: Shutting down and abandoning module HeadMountedDisplay (59)
[2015.04.12-23.22.48:952][957]LogModuleManager: Shutting down and abandoning module XAudio2 (58)
[2015.04.12-23.22.48:952][957]LogModuleManager: Shutting down and abandoning module Networking (56)
[2015.04.12-23.22.48:952][957]LogModuleManager: Shutting down and abandoning module Core (55)
[2015.04.12-23.22.48:952][957]LogModuleManager: Shutting down and abandoning module KismetCompiler (54)
[2015.04.12-23.22.48:952][957]LogModuleManager: Shutting down and abandoning module PhysXFormats (53)
[2015.04.12-23.22.48:952][957]LogModuleManager: Shutting down and abandoning module MeshUtilities (52)
[2015.04.12-23.22.48:952][957]LogModuleManager: Shutting down and abandoning module DerivedDataCache (51)
[2015.04.12-23.22.48:953][957]LogDerivedDataCache: Shutdown
[2015.04.12-23.22.48:953][957]LogModuleManager: Shutting down and abandoning module ShaderFormatOpenGL (50)
[2015.04.12-23.22.48:953][957]LogModuleManager: Shutting down and abandoning module ShaderFormatD3D (49)
[2015.04.12-23.22.48:953][957]LogModuleManager: Shutting down and abandoning module MetalShaderFormat (48)
[2015.04.12-23.22.48:953][957]LogModuleManager: Shutting down and abandoning module TextureFormatUncompressed (47)
[2015.04.12-23.22.48:953][957]LogModuleManager: Shutting down and abandoning module TextureFormatPVR (46)
[2015.04.12-23.22.48:953][957]LogModuleManager: Shutting down and abandoning module TextureFormatIntelISPCTexComp (45)
[2015.04.12-23.22.48:953][957]LogModuleManager: Shutting down and abandoning module TextureFormatDXT (44)
[2015.04.12-23.22.48:953][957]LogModuleManager: Shutting down and abandoning module ImageWrapper (43)
[2015.04.12-23.22.48:953][957]LogModuleManager: Shutting down and abandoning module TextureFormatASTC (42)
[2015.04.12-23.22.48:953][957]LogModuleManager: Shutting down and abandoning module TextureFormatAndroid (41)
[2015.04.12-23.22.48:953][957]LogModuleManager: Shutting down and abandoning module AudioFormatOpus (40)
[2015.04.12-23.22.48:953][957]LogModuleManager: Shutting down and abandoning module AudioFormatOgg (39)
[2015.04.12-23.22.48:953][957]LogModuleManager: Shutting down and abandoning module AudioFormatADPCM (38)
[2015.04.12-23.22.48:953][957]LogModuleManager: Shutting down and abandoning module LinuxTargetPlatform (37)
[2015.04.12-23.22.48:953][957]LogModuleManager: Shutting down and abandoning module LinuxServerTargetPlatform (36)
[2015.04.12-23.22.48:953][957]LogModuleManager: Shutting down and abandoning module LinuxNoEditorTargetPlatform (35)
[2015.04.12-23.22.48:953][957]LogModuleManager: Shutting down and abandoning module Messaging (34)
[2015.04.12-23.22.48:953][957]LogModuleManager: Shutting down and abandoning module IOSTargetPlatform (33)
[2015.04.12-23.22.48:953][957]LogModuleManager: Shutting down and abandoning module HTML5TargetPlatform (32)
[2015.04.12-23.22.48:953][957]LogModuleManager: Shutting down and abandoning module Android_PVRTCTargetPlatform (31)
[2015.04.12-23.22.48:953][957]LogModuleManager: Shutting down and abandoning module Android_ETC2TargetPlatform (30)
[2015.04.12-23.22.48:953][957]LogModuleManager: Shutting down and abandoning module Android_ETC1TargetPlatform (29)
[2015.04.12-23.22.48:953][957]LogModuleManager: Shutting down and abandoning module Android_ES31TargetPlatform (28)
[2015.04.12-23.22.48:953][957]LogModuleManager: Shutting down and abandoning module Android_DXTTargetPlatform (27)
[2015.04.12-23.22.48:953][957]LogModuleManager: Shutting down and abandoning module Android_ATCTargetPlatform (26)
[2015.04.12-23.22.48:953][957]LogModuleManager: Shutting down and abandoning module AndroidTargetPlatform (25)
[2015.04.12-23.22.48:953][957]LogModuleManager: Shutting down and abandoning module WindowsTargetPlatform (24)
[2015.04.12-23.22.48:953][957]LogModuleManager: Shutting down and abandoning module WindowsServerTargetPlatform (23)
[2015.04.12-23.22.48:953][957]LogModuleManager: Shutting down and abandoning module WindowsNoEditorTargetPlatform (22)
[2015.04.12-23.22.48:953][957]LogModuleManager: Shutting down and abandoning module WindowsClientTargetPlatform (21)
[2015.04.12-23.22.48:953][957]LogModuleManager: Shutting down and abandoning module TargetPlatform (20)
[2015.04.12-23.22.48:953][957]LogModuleManager: Shutting down and abandoning module InputCore (19)
[2015.04.12-23.22.48:953][957]LogModuleManager: Shutting down and abandoning module Settings (18)
[2015.04.12-23.22.48:953][957]LogModuleManager: Shutting down and abandoning module OnlineSubsystem (16)
[2015.04.12-23.22.48:953][957]LogModuleManager: Shutting down and abandoning module OculusRift (15)
[2015.04.12-23.22.48:953][957]LogModuleManager: Shutting down and abandoning module ExampleDeviceProfileSelector (14)
[2015.04.12-23.22.48:953][957]LogModuleManager: Shutting down and abandoning module TextureCompressor (13)
[2015.04.12-23.22.48:953][957]LogModuleManager: Shutting down and abandoning module ShaderCore (12)
[2015.04.12-23.22.48:953][957]LogModuleManager: Shutting down and abandoning module Landscape (11)
[2015.04.12-23.22.48:953][957]LogModuleManager: Shutting down and abandoning module SlateRHIRenderer (10)
[2015.04.12-23.22.48:961][957]LogModuleManager: Shutting down and abandoning module OpenGLDrv (9)
[2015.04.12-23.22.48:961][957]LogModuleManager: Shutting down and abandoning module D3D11RHI (8)
[2015.04.12-23.22.48:961][957]LogModuleManager: Shutting down and abandoning module Renderer (7)
[2015.04.12-23.22.48:961][957]LogModuleManager: Shutting down and abandoning module Engine (6)
[2015.04.12-23.22.48:961][957]LogModuleManager: Shutting down and abandoning module CoreUObject (5)
[2015.04.12-23.22.48:961][957]LogModuleManager: Shutting down and abandoning module NetworkFile (4)
[2015.04.12-23.22.48:961][957]LogModuleManager: Shutting down and abandoning module StreamingFile (3)
[2015.04.12-23.22.48:961][957]LogModuleManager: Shutting down and abandoning module SandboxFile (2)
[2015.04.12-23.22.48:961][957]LogModuleManager: Shutting down and abandoning module PakFile (1)
[2015.04.12-23.22.48:961][957]LogExit: Exiting.
[2015.04.12-23.22.48:966][957]Log file closed, 04/12/15 19:22:48
