Log file open, 03/30/15 11:57:19
LogInit:Display: Running engine for game: FirstCarGame
LogInit: Version: 4.7.3-2479750+++depot+UE4-Releases+4.7
LogInit: API Version: 2455222
LogInit: Compiled (64-bit): Mar 15 2015 23:20:45
LogInit: Compiled with Visual C++: 18.00.21005.01
LogInit: Build Configuration: Development
LogInit: Branch Name: ++depot+UE4-Releases+4.7
LogInit: Command line: 
LogInit: Base directory: C:/Program Files/Epic Games/4.7/Engine/Binaries/Win64/
LogInit: Rocket: 1
[2015.03.30-18.57.19:299][  0]LogTaskGraph: Started task graph with 3 named threads and 6 total threads.
[2015.03.30-18.57.19:357][  0]LogOnline:Warning: No default platform service specified for OnlineSubsystem
[2015.03.30-18.57.19:372][  0]LogInit: Presizing for 0 objects not considered by GC, pre-allocating 0 bytes.
[2015.03.30-18.57.19:383][  0]LogInit: Object subsystem initialized
[2015.03.30-18.57.19:385][  0]LogConsoleResponse:Warning: Skipping Unknown console variable: 'TranslucentSortAxis = (X=0.000000,Y=-1.000000,Z=0.000000)'
[2015.03.30-18.57.19:385][  0]LogConsoleResponse:Warning:   Found in ini file 'C:/Users/tyler/Documents/Unreal Projects/FirstCarGame/Saved/Config/Windows/Engine.ini', in section '[/Script/Engine.RendererSettings]'
[2015.03.30-18.57.19:385][  0]LogConsoleResponse:Warning: Skipping Unknown console variable: 'UIScaleRule = ShortestSide'
[2015.03.30-18.57.19:385][  0]LogConsoleResponse:Warning:   Found in ini file 'C:/Users/tyler/Documents/Unreal Projects/FirstCarGame/Saved/Config/Windows/Engine.ini', in section '[/Script/Engine.RendererSettings]'
[2015.03.30-18.57.19:385][  0]LogConsoleResponse:Warning: Skipping Unknown console variable: 'UIScaleCurve = (EditorCurveData=(Keys=),ExternalCurve=None)'
[2015.03.30-18.57.19:385][  0]LogConsoleResponse:Warning:   Found in ini file 'C:/Users/tyler/Documents/Unreal Projects/FirstCarGame/Saved/Config/Windows/Engine.ini', in section '[/Script/Engine.RendererSettings]'
[2015.03.30-18.57.19:385][  0]LogInit: Selected Device Profile: [Windows]
[2015.03.30-18.57.19:386][  0]LogInit: Applying CVar settings loaded from the selected device profile: [Windows]
[2015.03.30-18.57.19:404][  0]LogInit: Computer: GRAPHICSSERVER
[2015.03.30-18.57.19:404][  0]LogInit: User: tyler
[2015.03.30-18.57.19:404][  0]LogInit: CPU Page size=4096, Cores=4
[2015.03.30-18.57.19:404][  0]LogInit: High frequency timer resolution =3.001599 MHz
[2015.03.30-18.57.19:404][  0]LogMemory: Memory total: Physical=16.0GB (16GB approx) Virtual=131072.0GB
[2015.03.30-18.57.19:404][  0]LogMemory: Platform Memory Stats for Windows
[2015.03.30-18.57.19:404][  0]LogMemory: Process Physical Memory: 46.15 MB used, 46.15 MB peak
[2015.03.30-18.57.19:404][  0]LogMemory: Process Virtual Memory: 24.61 MB used, 24.61 MB peak
[2015.03.30-18.57.19:404][  0]LogMemory: Physical Memory: 3302.07 MB used, 16375.11 MB total
[2015.03.30-18.57.19:404][  0]LogMemory: Virtual Memory: 286.86 MB used, 134217728.00 MB total
[2015.03.30-18.57.19:420][  0]LogD3D11RHI: Found D3D11 adapter 0: AMD Radeon HD 5700 Series (Feature Level 11_0)
[2015.03.30-18.57.19:420][  0]LogD3D11RHI: Adapter has 1005MB of dedicated video memory, 0MB of dedicated system memory, and 7936MB of shared system memory, 1 output[s]
[2015.03.30-18.57.19:426][  0]LogD3D11RHI: Found D3D11 adapter 1: Microsoft Basic Render Driver (Feature Level 11_0)
[2015.03.30-18.57.19:426][  0]LogD3D11RHI: Adapter has 0MB of dedicated video memory, 0MB of dedicated system memory, and 256MB of shared system memory, 0 output[s]
[2015.03.30-18.57.19:426][  0]LogD3D11RHI: Chosen D3D11 Adapter Id = 0
[2015.03.30-18.57.19:430][  0]LogRHI: Texture pool is 704 MB (70% of 1005 MB)
[2015.03.30-18.57.19:435][  0]LogD3D11RHI: Async texture creation disabled: no driver support
[2015.03.30-18.57.19:489][  0]LogTextLocalizationManager: The requested culture ('en_US') has no localization data; parent culture's ('en') localization data will be used.
[2015.03.30-18.57.19:560][  0]LogTextLocalizationManager:Warning: Loading localization resources contain conflicting entries for (Namespace:UICommands, Key:Save_ToolTip):
Resource: (C:/Program Files/Epic Games/4.7/Engine/Content/Localization/Editor/en/Editor.locres) Hash: (-29098895) String: (Saves the current level to disk)
Resource: (C:/Program Files/Epic Games/4.7/Engine/Content/Localization/Engine/en/Engine.locres) Hash: (-1280300587) String: (Save selected data to vlog file)
[2015.03.30-18.57.19:560][  0]LogTextLocalizationManager:Warning: Loading localization resources contain conflicting entries for (Namespace:ContentBrowser, Key:ImportAssetToolTip):
Resource: (C:/Program Files/Epic Games/4.7/Engine/Content/Localization/Editor/en/Editor.locres) Hash: (-630476809) String: (Import to {0}...)
Resource: (C:/Program Files/Epic Games/4.7/Engine/Content/Localization/Editor/en/Editor.locres) Hash: (1271782899) String: (Imports an asset from file to this folder.)
[2015.03.30-18.57.19:652][  0]LogContentStreaming: Texture pool size is 0.000000MB
[2015.03.30-18.57.22:297][  0]LogTargetPlatformManager:Display: Building Assets For Windows
[2015.03.30-18.57.22:869][  0]LogTargetPlatformManager:Display: Building Assets For Windows
[2015.03.30-18.57.22:942][  0]LogDerivedDataCache:Display: Max Cache Size: 512 MB
[2015.03.30-18.57.22:993][  0]LogDerivedDataCache: Loaded boot cache 0.05s 39MB C:/Users/tyler/AppData/Local/UnrealEngine/4.7/DerivedDataCache/Boot.ddc.
[2015.03.30-18.57.22:993][  0]LogDerivedDataCache:Display: Loaded Boot cache: C:/Users/tyler/AppData/Local/UnrealEngine/4.7/DerivedDataCache/Boot.ddc
[2015.03.30-18.57.22:993][  0]LogDerivedDataCache: FDerivedDataBackendGraph:  Pak pak cache file ../../../../../../Users/tyler/Documents/Unreal Projects/FirstCarGame/DerivedDataCache/DDC.ddp not found, will not use a pak cache.
[2015.03.30-18.57.22:993][  0]LogDerivedDataCache: Unable to find inner node Pak for hierarchical cache Hierarchy.
[2015.03.30-18.57.23:130][  0]LogDerivedDataCache:Display: Pak cache opened for reading ../../../Engine/DerivedDataCache/Compressed.ddp.
[2015.03.30-18.57.23:142][  0]LogDerivedDataCache: Using Local data cache path C:/Users/tyler/AppData/Local/UnrealEngine/Common/DerivedDataCache: Writable
[2015.03.30-18.57.23:479][  0]LogMeshUtilities: No automatic mesh reduction module available
[2015.03.30-18.57.23:479][  0]LogMeshUtilities: No automatic mesh merging module available
[2015.03.30-18.57.23:893][  0]LogInit: WinSock: version 1.1 (2.2), MaxSocks=32767, MaxUdp=65467
[2015.03.30-18.57.23:984][  0]LogSlate:Warning: Failed to load font data from '../../../Engine/Content/Slate/Fonts/Roboto-Italic.ttf'
[2015.03.30-18.57.24:928][  0]UdpMessaging: Initializing bridge on interface 0.0.0.0:0 to multicast group 230.0.0.1:6666.
[2015.03.30-18.57.25:165][  0]SourceControl: Info Source control is disabled
[2015.03.30-18.57.25:165][  0]SourceControl: Info Source control is disabled
[2015.03.30-18.57.25:165][  0]SourceControl: Info Source control is disabled
[2015.03.30-18.57.25:165][  0]LogSourceControl: RunCommandInternalRaw: 'git version'
[2015.03.30-18.57.25:165][  0]LogSourceControl: RunCommandInternalRaw: ExecProcess ReturnCode=2 OutResults=''
[2015.03.30-18.57.25:175][  0]SourceControl: Info Source control is disabled
[2015.03.30-18.57.25:385][  0]LogObj: 24231 objects as part of root set at end of initial load.
[2015.03.30-18.57.25:385][  0]LogUObjectAllocator: 5136440 out of 0 bytes used by permanent object pool.
[2015.03.30-18.57.25:481][  0]LogEngine: Initializing Engine...
[2015.03.30-18.57.27:682][  0]LogInit: XAudio2 using 'Digital Audio (HDMI) (High Definition Audio Device)' : 2 channels at 44.1 kHz using 16 bits per sample (channel mask 0x3)
[2015.03.30-18.57.27:691][  0]LogInit: FAudioDevice initialized.
[2015.03.30-18.57.27:734][  0]LogAIModule: Creating AISystem for world NewWorld
[2015.03.30-18.57.27:756][  0]LogDerivedDataCache: Saved boot cache 0.02s 39MB C:/Users/tyler/AppData/Local/UnrealEngine/4.7/DerivedDataCache/Boot.ddc.
[2015.03.30-18.57.27:765][  0]LogInit: Texture streaming: Enabled
[2015.03.30-18.57.27:870][  0]LogAnalytics: Creating configured Analytics provider AnalyticsET
[2015.03.30-18.57.27:870][  0]LogAnalytics: ET APIKey = Rocket.Release. APIServer = http://et2.epicgames.com/ET2/. AppVersion = 4.7.3-2479750+++depot+UE4-Releases+4.7
[2015.03.30-18.57.27:870][  0]LogAnalytics: ET APIKey = Rocket.Release. DataRouterUploadURL = https://datarouter-public-service-gamedev.ol.epicgames.net/datarouter/api/v1/public/data. AppVersion = 4.7.3-2479750+++depot+UE4-Releases+4.7
[2015.03.30-18.57.27:870][  0]LogAnalytics: SetUserId cd12d6bf4b729a9f6ba70cb844a09567|71ce951bf3604114a422a27333520941|2c8b098c-dff3-496a-b981-565ca309ad16
[2015.03.30-18.57.27:870][  0]LogAnalytics: AnalyticsET::StartSession [Rocket.Release]
[2015.03.30-18.57.27:894][  0]LogInit: Transaction tracking system initialized
[2015.03.30-18.57.28:084][  0]BlueprintLog: New page: Editor Load
[2015.03.30-18.57.28:122][  0]LogAssetRegistry: FAssetRegistry took 0.0107 seconds to start up
[2015.03.30-18.57.28:122][  0]LogDirectoryWatcher:Warning: Failed to begin reading directory changes for ../../../Engine/Plugins/Experimental/CharacterAI/Content/. Error: 0
[2015.03.30-18.57.28:693][  0]LogTargetPlatformManager:Display: Building Assets For Windows
[2015.03.30-18.57.29:092][  0]LogTargetPlatformManager:Display: Building Assets For Windows
[2015.03.30-18.57.29:382][  0]LogSlate:Warning: Failed to load font data from '../../../Engine/Content/Editor/Slate/Fonts/Roboto-Regular.ttf'
[2015.03.30-18.57.29:383][  0]LogSlate:Warning: Failed to load font data from '../../../Engine/Content/Editor/Slate/Fonts/Roboto-Bold.ttf'
[2015.03.30-18.57.29:388][  0]LogConsoleResponse:Display: 
[2015.03.30-18.57.29:551][  0]LogCook:Display: Done creating registry. It took  0.00s.
[2015.03.30-18.57.29:710][  0]SourceControl: Info Source control is disabled
[2015.03.30-18.57.29:710][  0]Cmd: MAP LOAD FILE="../../../../../../Users/tyler/Documents/Unreal Projects/FirstCarGame/Content/VehicleBP/Maps/VehicleExampleMap.umap" TEMPLATE=0 SHOWPROGRESS=1 FEATURELEVEL=3
[2015.03.30-18.57.29:732][  0]LightingResults: New page: Lighting Build
[2015.03.30-18.57.29:746][  0]MapCheck: New page: Map Check
[2015.03.30-18.57.29:746][  0]LightingResults: New page: Lighting Build
[2015.03.30-18.57.29:754][  0]LogParticles: Destroying 0 GPU particle simulations for FXSystem 0x000000D14C9F0540
[2015.03.30-18.57.31:832][  0]LogEditorServer: Finished looking for orphan Actors (0.000 secs)
[2015.03.30-18.57.32:560][  0]LogAIModule: Creating AISystem for world VehicleExampleMap
[2015.03.30-18.57.32:561][  0]Cmd: MAP CHECKDEP
[2015.03.30-18.57.32:561][  0]MapCheck: New page: VehicleExampleMap - Mar 30, 2015, 4:57:32 AM
[2015.03.30-18.57.32:658][  0]MapCheck: Info Map check complete: 0 Error(s), 0 Warning(s), took 97.695ms to complete.
[2015.03.30-18.57.32:658][  0]LogFileHelpers: Loading map 'VehicleExampleMap' took 2.948
[2015.03.30-18.57.33:039][  0]LogCollectionManager: Loaded 0 collections in 0.002092 seconds
[2015.03.30-18.57.33:058][  0]LogContentBrowser: Native class hierarchy populated in 0.0181 seconds. Added 1696 classes and 261 folders.
[2015.03.30-18.57.33:145][  0]LogContentBrowser: Native class hierarchy updated for 'SceneOutliner' in 0.0024 seconds. Added 1 classes and 2 folders.
[2015.03.30-18.57.33:306][  0]LogCrashTracker: Crashtracker disabled due to settings.
[2015.03.30-18.57.33:335][  0]LogSlate:Warning: Failed to load font data from 'Veranda'
[2015.03.30-18.57.33:347][  0]LogUObjectGlobals:Warning: Failed to find object 'Class None.'
[2015.03.30-18.57.33:397][  0]LogLoad: Full Startup: 16.16 seconds (BP compile: 0.36 seconds)
[2015.03.30-18.57.33:436][  0]LogContentBrowser:Verbose: The content browser source was changed by the sources view to '/Game/VehicleBP'
[2015.03.30-18.57.33:817][  0]LogRenderer:Warning: Reallocating scene render targets to support 808x368 (Frame:2).
[2015.03.30-18.57.34:276][  5]LogAssetRegistry: Asset discovery search completed in 6.1655 seconds
[2015.03.30-18.57.45:310][614]LogPlayLevel: PIE:  No blueprints needed recompiling
[2015.03.30-18.57.45:310][614]PIE: New page: PIE session: VehicleExampleMap (Mar 30, 2015, 4:57:45 AM)
[2015.03.30-18.57.45:356][614]LogPlayLevel: PIE: StaticDuplicateObject took: (0.045217s)
[2015.03.30-18.57.45:357][614]LogPlayLevel: PIE: World Init took: (0.000917s)
[2015.03.30-18.57.45:357][614]LogPlayLevel: PIE: Created PIE world by copying editor world from /Game/VehicleBP/Maps/VehicleExampleMap.VehicleExampleMap to /Game/VehicleBP/Maps/UEDPIE_0_VehicleExampleMap.VehicleExampleMap (0.046371s)
[2015.03.30-18.57.45:430][614]LogWorld: Game class is 'VehicleGameMode_C'
[2015.03.30-18.57.45:470][614]LogAIModule: Creating AISystem for world VehicleExampleMap
[2015.03.30-18.57.45:497][614]LogWorld: Bringing World /Game/VehicleBP/Maps/UEDPIE_0_VehicleExampleMap.VehicleExampleMap up for play (max tick rate 0) at 2015.03.30-11.57.45
[2015.03.30-18.57.45:499][614]LogWorld: Bringing up level for play took: 0.027703
[2015.03.30-18.57.45:502][614]PIE: Info Play in editor start time for /Game/VehicleBP/Maps/UEDPIE_0_VehicleExampleMap 0.446
[2015.03.30-18.58.11:981][733]LogContentBrowser:Verbose: The content browser source was changed by the sources view to '/Game/VehicleBP/Textures'
[2015.03.30-18.58.16:607][281]LogContentBrowser:Verbose: The content browser source was changed by the sources view to '/Game'
[2015.03.30-18.58.17:941][437]LogContentBrowser:Verbose: The content browser source was changed by the sources view to '/Game/StarterContent'
[2015.03.30-18.58.20:158][700]LogContentBrowser:Verbose: The content browser source was changed by the sources view to '/Game/StarterContent/Materials'
[2015.03.30-18.58.24:276][ 81]LogTexture:Display: Building textures: T_CobbleStone_Pebble_D (AutoDXT)
[2015.03.30-18.58.29:846][ 81]LogTexture:Display: Building textures: T_CobbleStone_Pebble_M (AutoDXT)
[2015.03.30-18.58.31:171][ 81]LogTexture:Display: Building textures: T_CobbleStone_Pebble_N (BC5)
[2015.03.30-18.58.31:880][ 81]LogMaterial: Missing cached shader map for material M_CobbleStone_Pebble, compiling. 
[2015.03.30-18.58.46:055][610]LogTexture:Display: Building textures: T_Brick_Clay_New_D (AutoDXT)
[2015.03.30-18.58.51:645][610]LogTexture:Display: Building textures: T_Brick_Clay_New_M (AutoDXT)
[2015.03.30-18.58.57:602][610]LogTexture:Display: Building textures: T_Brick_Clay_New_N (BC5)
[2015.03.30-18.58.58:344][610]LogTexture:Display: Building textures: T_Detail_Rocky_N (BC5)
[2015.03.30-18.58.58:504][610]LogMaterial: Missing cached shader map for material M_Brick_Clay_New, compiling. 
[2015.03.30-19.00.01:745][ 62]LogParticles: Destroying 0 GPU particle simulations for FXSystem 0x000000D1659A2020
[2015.03.30-19.00.23:720][628]LogTexture:Display: Building textures: T_Tech_Hex_Tile_M (AutoDXT)
[2015.03.30-19.00.24:217][628]LogTexture:Display: Building textures: T_Tech_Hex_Tile_N (BC5)
[2015.03.30-19.00.24:356][628]LogMaterial: Missing cached shader map for material M_Tech_Hex_Tile_Pulse, compiling. 
[2015.03.30-19.00.29:674][199]LogMaterial: Missing cached shader map for material M_Tech_Hex_Tile, compiling. 
[2015.03.30-19.00.40:078][856]LogTexture:Display: Building textures: T_Rock_Basalt_D (AutoDXT)
[2015.03.30-19.00.45:749][856]LogTexture:Display: Building textures: T_Rock_Basalt_N (BC5)
[2015.03.30-19.00.46:641][856]LogTexture:Display: Building textures: T_Perlin_Noise_M (AutoDXT)
[2015.03.30-19.00.51:645][856]LogMaterial: Missing cached shader map for material M_Rock_Basalt, compiling. 
[2015.03.30-19.01.01:783][839]LogTexture:Display: Building textures: T_Metal_Gold_D (AutoDXT)
[2015.03.30-19.01.07:329][839]LogTexture:Display: Building textures: T_Metal_Gold_N (BC5)
[2015.03.30-19.01.07:907][839]LogMaterial: Missing cached shader map for material M_Metal_Gold, compiling. 
[2015.03.30-19.01.49:516][459]LogPlayLevel: PIE:  No blueprints needed recompiling
[2015.03.30-19.01.49:516][459]PIE: New page: PIE session: VehicleExampleMap (Mar 30, 2015, 5:01:49 AM)
[2015.03.30-19.01.49:568][459]LogPlayLevel: PIE: StaticDuplicateObject took: (0.051318s)
[2015.03.30-19.01.49:569][459]LogPlayLevel: PIE: World Init took: (0.001202s)
[2015.03.30-19.01.49:569][459]LogPlayLevel: PIE: Created PIE world by copying editor world from /Game/VehicleBP/Maps/VehicleExampleMap.VehicleExampleMap to /Game/VehicleBP/Maps/UEDPIE_0_VehicleExampleMap.VehicleExampleMap (0.052793s)
[2015.03.30-19.01.49:608][459]LogWorld: Game class is 'VehicleGameMode_C'
[2015.03.30-19.01.49:613][459]LogAIModule: Creating AISystem for world VehicleExampleMap
[2015.03.30-19.01.49:627][459]LogWorld: Bringing World /Game/VehicleBP/Maps/UEDPIE_0_VehicleExampleMap.VehicleExampleMap up for play (max tick rate 0) at 2015.03.30-12.01.49
[2015.03.30-19.01.49:628][459]LogWorld: Bringing up level for play took: 0.014684
[2015.03.30-19.01.49:630][459]PIE: Info Play in editor start time for /Game/VehicleBP/Maps/UEDPIE_0_VehicleExampleMap 0.573
[2015.03.30-19.02.05:212][314]LogParticles: Destroying 0 GPU particle simulations for FXSystem 0x000000D16C7C9DA0
[2015.03.30-19.02.12:909][868]LogTexture:Display: Building textures: T_CobbleStone_Smooth_D (AutoDXT)
[2015.03.30-19.02.18:847][868]LogTexture:Display: Building textures: T_CobbleStone_Smooth_M (AutoDXT)
[2015.03.30-19.02.24:212][868]LogTexture:Display: Building textures: T_CobbleStone_Smooth_N (BC5)
[2015.03.30-19.02.25:186][868]LogTexture:Display: Building textures: T_Rock_Smooth_Granite_D (AutoDXT)
[2015.03.30-19.02.30:897][868]LogTexture:Display: Building textures: T_Gradinet_01 (AutoDXT)
[2015.03.30-19.02.30:907][868]LogMaterial: Missing cached shader map for material M_CobbleStone_Smooth, compiling. 
[2015.03.30-19.02.41:480][ 53]LogPlayLevel: PIE:  No blueprints needed recompiling
[2015.03.30-19.02.41:480][ 53]PIE: New page: PIE session: VehicleExampleMap (Mar 30, 2015, 5:02:41 AM)
[2015.03.30-19.02.41:534][ 53]LogPlayLevel: PIE: StaticDuplicateObject took: (0.052903s)
[2015.03.30-19.02.41:535][ 53]LogPlayLevel: PIE: World Init took: (0.001083s)
[2015.03.30-19.02.41:535][ 53]LogPlayLevel: PIE: Created PIE world by copying editor world from /Game/VehicleBP/Maps/VehicleExampleMap.VehicleExampleMap to /Game/VehicleBP/Maps/UEDPIE_0_VehicleExampleMap.VehicleExampleMap (0.054237s)
[2015.03.30-19.02.41:579][ 53]LogWorld: Game class is 'VehicleGameMode_C'
[2015.03.30-19.02.41:584][ 53]LogAIModule: Creating AISystem for world VehicleExampleMap
[2015.03.30-19.02.41:598][ 53]LogWorld: Bringing World /Game/VehicleBP/Maps/UEDPIE_0_VehicleExampleMap.VehicleExampleMap up for play (max tick rate 0) at 2015.03.30-12.02.41
[2015.03.30-19.02.41:599][ 53]LogWorld: Bringing up level for play took: 0.014606
[2015.03.30-19.02.41:601][ 53]PIE: Info Play in editor start time for /Game/VehicleBP/Maps/UEDPIE_0_VehicleExampleMap 0.544
[2015.03.30-19.03.00:951][ 58]LogParticles: Destroying 0 GPU particle simulations for FXSystem 0x000000D146BA4AE0
[2015.03.30-19.03.12:995][267]LogTexture:Display: Building textures: T_ground_Moss_D (AutoDXT)
[2015.03.30-19.03.18:702][267]LogTexture:Display: Building textures: T_Ground_Moss_N (BC5)
[2015.03.30-19.03.19:356][267]LogMaterial: Missing cached shader map for material M_Ground_Moss, compiling. 
[2015.03.30-19.04.20:111][754]LogMaterial: Missing cached shader map for material M_Brick_Clay_New, compiling. 
[2015.03.30-19.04.20:135][754]LogActorComponent: UnregisterComponent: (/Engine/Transient.SkeletalMeshComponent_0) Not registered. Aborting.
[2015.03.30-19.04.20:194][754]LogActorComponent: UnregisterComponent: (/Engine/Transient.SkeletalMeshComponent_0) Not registered. Aborting.
[2015.03.30-19.04.20:194][754]LogActorComponent: RegisterComponentWithWorld: (/Engine/Transient.MaterialEditorMeshComponent_0) Already registered. Aborting.
[2015.03.30-19.04.20:206][754]LogMaterial: Missing cached shader map for material M_Brick_Clay_New, compiling. 
[2015.03.30-19.04.20:213][754]LogMaterial: 0.000019 seconds spent updating 1 materials, 1 interfaces, 0 instances, 0 with static permutations.
[2015.03.30-19.04.20:240][754]LogMaterial: Missing cached shader map for material FMatExpressionPreview MaterialExpressionTextureSample_2, compiling. 
[2015.03.30-19.04.20:243][754]LogMaterial: Missing cached shader map for material FMatExpressionPreview MaterialExpressionTextureSample_31, compiling. 
[2015.03.30-19.04.20:246][754]LogMaterial: Missing cached shader map for material FMatExpressionPreview MaterialExpressionTextureSample_4, compiling. 
[2015.03.30-19.04.20:248][754]LogMaterial: Missing cached shader map for material FMatExpressionPreview MaterialExpressionBumpOffset_0, compiling. 
[2015.03.30-19.04.20:251][754]LogMaterial: Missing cached shader map for material FMatExpressionPreview MaterialExpressionTextureSample_5, compiling. 
[2015.03.30-19.04.20:255][754]LogMaterial: Missing cached shader map for material FMatExpressionPreview MaterialExpressionTextureSample_27, compiling. 
[2015.03.30-19.04.20:259][754]LogMaterial: Missing cached shader map for material FMatExpressionPreview MaterialExpressionTextureSample_28, compiling. 
[2015.03.30-19.04.20:263][754]LogMaterial: Missing cached shader map for material FMatExpressionPreview MaterialExpressionTextureSample_29, compiling. 
[2015.03.30-19.04.20:267][754]LogMaterial: Missing cached shader map for material FMatExpressionPreview MaterialExpressionTextureSample_32, compiling. 
[2015.03.30-19.04.20:271][754]LogMaterial: Missing cached shader map for material FMatExpressionPreview MaterialExpressionConstant3Vector_8, compiling. 
[2015.03.30-19.04.21:719][873]MaterialEditorStats: Info Base pass shader with static lighting: 104 instructions
[2015.03.30-19.04.21:719][873]MaterialEditorStats: Info Base pass shader with only dynamic lighting: 70 instructions
[2015.03.30-19.04.21:719][873]MaterialEditorStats: Info Vertex shader: 33 instructions
[2015.03.30-19.04.21:719][873]MaterialEditorStats: Info Texture samplers: 7/16
[2015.03.30-19.05.07:620][301]LogParticles: Destroying 0 GPU particle simulations for FXSystem 0x000000D146BFB240
[2015.03.30-19.05.09:358][301]LogSavePackage: Save=1714.307983ms
[2015.03.30-19.05.09:358][301]LogSavePackage: Moving '../../../../../../Users/tyler/Documents/Unreal Projects/FirstCarGame/Saved/VehicleExampleMap2F43509D4BCC591BA6A953A14DD3D710.tmp' to '../../../../../../Users/tyler/Documents/Unreal Projects/FirstCarGame/Content/VehicleBP/Maps/VehicleExampleMap.umap'
[2015.03.30-19.05.14:355][828]Cmd: QUIT_EDITOR
[2015.03.30-19.05.14:648][828]LogExit: Preparing to exit.
[2015.03.30-19.05.15:015][828]LogExit: Editor shut down
[2015.03.30-19.05.15:016][828]LogExit: Transaction tracking system shut down
[2015.03.30-19.05.15:017][828]LogParticles: Destroying 0 GPU particle simulations for FXSystem 0x000000D144FE89A0
[2015.03.30-19.05.15:019][828]LogParticles: Destroying 0 GPU particle simulations for FXSystem 0x000000D163E5ECA0
[2015.03.30-19.05.15:020][828]LogParticles: Destroying 0 GPU particle simulations for FXSystem 0x000000D166ADE700
[2015.03.30-19.05.15:152][828]LogExit: Object subsystem successfully closed.
[2015.03.30-19.05.15:211][828]LogModuleManager: Shutting down and abandoning module MaterialEditor (178)
[2015.03.30-19.05.15:211][828]LogModuleManager: Shutting down and abandoning module CrashTracker (177)
[2015.03.30-19.05.15:211][828]LogModuleManager: Shutting down and abandoning module SuperSearch (176)
[2015.03.30-19.05.15:211][828]LogModuleManager: Shutting down and abandoning module SceneOutliner (175)
[2015.03.30-19.05.15:211][828]LogModuleManager: Shutting down and abandoning module EditorWidgets (174)
[2015.03.30-19.05.15:211][828]LogModuleManager: Shutting down and abandoning module CollectionManager (173)
[2015.03.30-19.05.15:211][828]LogModuleManager: Shutting down and abandoning module StatsViewer (172)
[2015.03.30-19.05.15:211][828]LogModuleManager: Shutting down and abandoning module FoliageEdit (171)
[2015.03.30-19.05.15:211][828]LogModuleManager: Shutting down and abandoning module LandscapeEditor (170)
[2015.03.30-19.05.15:211][828]LogModuleManager: Shutting down and abandoning module MeshPaint (169)
[2015.03.30-19.05.15:211][828]LogModuleManager: Shutting down and abandoning module ActorPickerMode (168)
[2015.03.30-19.05.15:211][828]LogModuleManager: Shutting down and abandoning module GeometryMode (167)
[2015.03.30-19.05.15:211][828]LogModuleManager: Shutting down and abandoning module TextureAlignMode (166)
[2015.03.30-19.05.15:211][828]LogModuleManager: Shutting down and abandoning module BspMode (165)
[2015.03.30-19.05.15:211][828]LogModuleManager: Shutting down and abandoning module PlacementMode (164)
[2015.03.30-19.05.15:211][828]LogModuleManager: Shutting down and abandoning module AutomationWorker (163)
[2015.03.30-19.05.15:211][828]LogModuleManager: Shutting down and abandoning module CharacterAI (162)
[2015.03.30-19.05.15:211][828]LogModuleManager: Shutting down and abandoning module SmartSnapping (161)
[2015.03.30-19.05.15:211][828]LogModuleManager: Shutting down and abandoning module ViewportSnapping (160)
[2015.03.30-19.05.15:211][828]LogModuleManager: Shutting down and abandoning module LogVisualizer (159)
[2015.03.30-19.05.15:212][828]LogModuleManager: Shutting down and abandoning module GameProjectGeneration (158)
[2015.03.30-19.05.15:212][828]LogModuleManager: Shutting down and abandoning module IntroTutorials (157)
[2015.03.30-19.05.15:212][828]LogModuleManager: Shutting down and abandoning module EditorLiveStreaming (156)
[2015.03.30-19.05.15:212][828]LogModuleManager: Shutting down and abandoning module HardwareTargeting (155)
[2015.03.30-19.05.15:212][828]LogModuleManager: Shutting down and abandoning module DeviceProfileEditor (154)
[2015.03.30-19.05.15:212][828]LogModuleManager: Shutting down and abandoning module UndoHistory (153)
[2015.03.30-19.05.15:212][828]LogModuleManager: Shutting down and abandoning module GameplayTagsEditor (152)
[2015.03.30-19.05.15:212][828]LogModuleManager: Shutting down and abandoning module UserFeedback (151)
[2015.03.30-19.05.15:212][828]LogModuleManager: Shutting down and abandoning module XmlParser (150)
[2015.03.30-19.05.15:212][828]LogModuleManager: Shutting down and abandoning module Blutility (149)
[2015.03.30-19.05.15:212][828]LogModuleManager: Shutting down and abandoning module IOSPlatformEditor (148)
[2015.03.30-19.05.15:212][828]LogModuleManager: Shutting down and abandoning module IOSRuntimeSettings (147)
[2015.03.30-19.05.15:212][828]LogModuleManager: Shutting down and abandoning module AndroidDeviceDetection (146)
[2015.03.30-19.05.16:208][828]LogModuleManager: Shutting down and abandoning module AndroidPlatformEditor (145)
[2015.03.30-19.05.16:208][828]LogModuleManager: Shutting down and abandoning module AndroidRuntimeSettings (144)
[2015.03.30-19.05.16:208][828]LogModuleManager: Shutting down and abandoning module ProjectTargetPlatformEditor (143)
[2015.03.30-19.05.16:208][828]LogModuleManager: Shutting down and abandoning module ProjectSettingsViewer (142)
[2015.03.30-19.05.16:208][828]LogModuleManager: Shutting down and abandoning module InputBindingEditor (141)
[2015.03.30-19.05.16:208][828]LogModuleManager: Shutting down and abandoning module EditorSettingsViewer (140)
[2015.03.30-19.05.16:208][828]LogModuleManager: Shutting down and abandoning module SettingsEditor (139)
[2015.03.30-19.05.16:208][828]LogModuleManager: Shutting down and abandoning module ProjectLauncher (138)
[2015.03.30-19.05.16:208][828]LogModuleManager: Shutting down and abandoning module SessionFrontend (137)
[2015.03.30-19.05.16:208][828]LogModuleManager: Shutting down and abandoning module ProfilerClient (136)
[2015.03.30-19.05.16:208][828]LogModuleManager: Shutting down and abandoning module TargetDeviceServices (135)
[2015.03.30-19.05.16:208][828]LogModuleManager: Shutting down and abandoning module DeviceManager (134)
[2015.03.30-19.05.16:208][828]LogModuleManager: Shutting down and abandoning module AutomationController (133)
[2015.03.30-19.05.16:208][828]LogModuleManager: Shutting down and abandoning module AutomationWindow (132)
[2015.03.30-19.05.16:208][828]LogModuleManager: Shutting down and abandoning module Layers (131)
[2015.03.30-19.05.16:208][828]LogModuleManager: Shutting down and abandoning module ComponentVisualizers (130)
[2015.03.30-19.05.16:208][828]LogModuleManager: Shutting down and abandoning module DetailCustomizations (129)
[2015.03.30-19.05.16:208][828]LogModuleManager: Shutting down and abandoning module PackagesDialog (128)
[2015.03.30-19.05.16:209][828]LogModuleManager: Shutting down and abandoning module AssetRegistry (127)
[2015.03.30-19.05.16:291][828]LogModuleManager: Shutting down and abandoning module Persona (126)
[2015.03.30-19.05.16:291][828]LogModuleManager: Shutting down and abandoning module SlateReflector (125)
[2015.03.30-19.05.16:291][828]LogModuleManager: Shutting down and abandoning module LevelEditor (124)
[2015.03.30-19.05.16:292][828]LogModuleManager: Shutting down and abandoning module Kismet (123)
[2015.03.30-19.05.16:292][828]LogModuleManager: Shutting down and abandoning module GraphEditor (122)
[2015.03.30-19.05.16:292][828]LogModuleManager: Shutting down and abandoning module ClassViewer (121)
[2015.03.30-19.05.16:292][828]LogModuleManager: Shutting down and abandoning module Toolbox (120)
[2015.03.30-19.05.16:292][828]LogModuleManager: Shutting down and abandoning module ModuleUI (119)
[2015.03.30-19.05.16:292][828]LogModuleManager: Shutting down and abandoning module MovieSceneTools (118)
[2015.03.30-19.05.16:292][828]LogModuleManager: Shutting down and abandoning module OutputLog (117)
[2015.03.30-19.05.16:292][828]LogModuleManager: Shutting down and abandoning module GammaUI (116)
[2015.03.30-19.05.16:292][828]LogModuleManager: Shutting down and abandoning module Documentation (115)
[2015.03.30-19.05.16:292][828]LogModuleManager: Shutting down and abandoning module GameLiveStreaming (114)
[2015.03.30-19.05.16:292][828]LogModuleManager: Shutting down and abandoning module StreamingPauseRendering (113)
[2015.03.30-19.05.16:292][828]LogModuleManager: Shutting down and abandoning module HTTP (112)
[2015.03.30-19.05.16:292][828]LogModuleManager: Shutting down and abandoning module AnalyticsET (111)
[2015.03.30-19.05.16:292][828]LogModuleManager: Shutting down and abandoning module Analytics (110)
[2015.03.30-19.05.16:292][828]LogModuleManager: Shutting down and abandoning module AITestSuite (109)
[2015.03.30-19.05.16:292][828]LogModuleManager: Shutting down and abandoning module GameplayDebugger (108)
[2015.03.30-19.05.16:292][828]LogModuleManager: Shutting down and abandoning module AIModule (107)
[2015.03.30-19.05.16:292][828]LogModuleManager: Shutting down and abandoning module ProfilerService (106)
[2015.03.30-19.05.16:440][828]LogModuleManager: Shutting down and abandoning module TaskGraph (105)
[2015.03.30-19.05.16:440][828]LogModuleManager: Shutting down and abandoning module SlateRemote (104)
[2015.03.30-19.05.16:440][828]LogModuleManager: Shutting down and abandoning module ScriptEditorPlugin (103)
[2015.03.30-19.05.16:440][828]LogModuleManager: Shutting down and abandoning module CustomMeshComponent (102)
[2015.03.30-19.05.16:440][828]LogModuleManager: Shutting down and abandoning module CableComponent (101)
[2015.03.30-19.05.16:440][828]LogModuleManager: Shutting down and abandoning module MessagingDebugger (100)
[2015.03.30-19.05.16:440][828]LogModuleManager: Shutting down and abandoning module MediaPlayerEditor (99)
[2015.03.30-19.05.16:440][828]LogModuleManager: Shutting down and abandoning module SpeedTreeImporter (98)
[2015.03.30-19.05.16:440][828]LogModuleManager: Shutting down and abandoning module PluginsEditor (97)
[2015.03.30-19.05.16:440][828]LogModuleManager: Shutting down and abandoning module MainFrame (96)
[2015.03.30-19.05.16:440][828]LogModuleManager: Shutting down and abandoning module EpicSurvey (95)
[2015.03.30-19.05.16:440][828]LogModuleManager: Shutting down and abandoning module DesktopPlatform (94)
[2015.03.30-19.05.16:440][828]LogModuleManager: Shutting down and abandoning module DirectoryWatcher (93)
[2015.03.30-19.05.16:440][828]LogModuleManager: Shutting down and abandoning module HotReload (92)
[2015.03.30-19.05.16:440][828]LogModuleManager: Shutting down and abandoning module VisualStudioSourceCodeAccess (91)
[2015.03.30-19.05.16:440][828]LogModuleManager: Shutting down and abandoning module UObjectPlugin (90)
[2015.03.30-19.05.16:440][828]LogModuleManager: Shutting down and abandoning module SubversionSourceControl (89)
[2015.03.30-19.05.16:440][828]LogModuleManager: Shutting down and abandoning module PerforceSourceControl (88)
[2015.03.30-19.05.16:441][828]LogModuleManager: Shutting down and abandoning module SourceControl (87)
[2015.03.30-19.05.16:441][828]LogModuleManager: Shutting down and abandoning module GitSourceControl (86)
[2015.03.30-19.05.16:441][828]LogModuleManager: Shutting down and abandoning module BlankPlugin (85)
[2015.03.30-19.05.16:441][828]LogModuleManager: Shutting down and abandoning module PaperTiledImporter (84)
[2015.03.30-19.05.16:441][828]LogModuleManager: Shutting down and abandoning module PaperJsonImporter (83)
[2015.03.30-19.05.16:441][828]LogModuleManager: Shutting down and abandoning module ContentBrowser (82)
[2015.03.30-19.05.16:441][828]LogModuleManager: Shutting down and abandoning module Paper2DEditor (81)
[2015.03.30-19.05.16:441][828]LogModuleManager: Shutting down and abandoning module ScriptPlugin (80)
[2015.03.30-19.05.16:441][828]LogModuleManager: Shutting down and abandoning module UdpMessaging (79)
[2015.03.30-19.05.16:542][828]LogModuleManager: Shutting down and abandoning module Paper2D (78)
[2015.03.30-19.05.16:542][828]LogModuleManager: Shutting down and abandoning module WindowsMoviePlayer (77)
[2015.03.30-19.05.16:544][828]LogModuleManager: Shutting down and abandoning module Media (76)
[2015.03.30-19.05.16:544][828]LogModuleManager: Shutting down and abandoning module WmfMedia (75)
[2015.03.30-19.05.16:544][828]LogModuleManager: Shutting down and abandoning module OnlineBlueprintSupport (74)
[2015.03.30-19.05.16:544][828]LogModuleManager: Shutting down and abandoning module PropertyEditor (73)
[2015.03.30-19.05.16:544][828]LogModuleManager: Shutting down and abandoning module BehaviorTreeEditor (72)
[2015.03.30-19.05.16:544][828]LogModuleManager: Shutting down and abandoning module FunctionalTesting (71)
[2015.03.30-19.05.16:544][828]LogModuleManager: Shutting down and abandoning module CollisionAnalyzer (70)
[2015.03.30-19.05.16:544][828]LogModuleManager: Shutting down and abandoning module WorkspaceMenuStructure (69)
[2015.03.30-19.05.16:544][828]LogModuleManager: Shutting down and abandoning module MessageLog (68)
[2015.03.30-19.05.16:544][828]LogModuleManager: Shutting down and abandoning module Sequencer (67)
[2015.03.30-19.05.16:545][828]LogModuleManager: Shutting down and abandoning module AssetTools (66)
[2015.03.30-19.05.16:545][828]LogModuleManager: Shutting down and abandoning module UMGEditor (65)
[2015.03.30-19.05.16:545][828]LogModuleManager: Shutting down and abandoning module UMG (64)
[2015.03.30-19.05.16:545][828]LogModuleManager: Shutting down and abandoning module Slate (63)
[2015.03.30-19.05.16:545][828]LogModuleManager: Shutting down and abandoning module EditorStyle (62)
[2015.03.30-19.05.16:549][828]LogModuleManager: Shutting down and abandoning module SessionServices (61)
[2015.03.30-19.05.16:549][828]LogModuleManager: Shutting down and abandoning module SourceCodeAccess (60)
[2015.03.30-19.05.16:549][828]LogModuleManager: Shutting down and abandoning module HeadMountedDisplay (59)
[2015.03.30-19.05.16:549][828]LogModuleManager: Shutting down and abandoning module XAudio2 (58)
[2015.03.30-19.05.16:549][828]LogModuleManager: Shutting down and abandoning module Networking (56)
[2015.03.30-19.05.16:549][828]LogModuleManager: Shutting down and abandoning module Core (55)
[2015.03.30-19.05.16:549][828]LogModuleManager: Shutting down and abandoning module KismetCompiler (54)
[2015.03.30-19.05.16:549][828]LogModuleManager: Shutting down and abandoning module PhysXFormats (53)
[2015.03.30-19.05.16:549][828]LogModuleManager: Shutting down and abandoning module MeshUtilities (52)
[2015.03.30-19.05.16:549][828]LogModuleManager: Shutting down and abandoning module DerivedDataCache (51)
[2015.03.30-19.05.16:582][828]LogDerivedDataCache: Shutdown
[2015.03.30-19.05.16:582][828]LogModuleManager: Shutting down and abandoning module ShaderFormatOpenGL (50)
[2015.03.30-19.05.16:582][828]LogModuleManager: Shutting down and abandoning module ShaderFormatD3D (49)
[2015.03.30-19.05.16:582][828]LogModuleManager: Shutting down and abandoning module MetalShaderFormat (48)
[2015.03.30-19.05.16:582][828]LogModuleManager: Shutting down and abandoning module TextureFormatUncompressed (47)
[2015.03.30-19.05.16:582][828]LogModuleManager: Shutting down and abandoning module TextureFormatPVR (46)
[2015.03.30-19.05.16:582][828]LogModuleManager: Shutting down and abandoning module TextureFormatIntelISPCTexComp (45)
[2015.03.30-19.05.16:582][828]LogModuleManager: Shutting down and abandoning module TextureFormatDXT (44)
[2015.03.30-19.05.16:582][828]LogModuleManager: Shutting down and abandoning module ImageWrapper (43)
[2015.03.30-19.05.16:582][828]LogModuleManager: Shutting down and abandoning module TextureFormatASTC (42)
[2015.03.30-19.05.16:582][828]LogModuleManager: Shutting down and abandoning module TextureFormatAndroid (41)
[2015.03.30-19.05.16:582][828]LogModuleManager: Shutting down and abandoning module AudioFormatOpus (40)
[2015.03.30-19.05.16:582][828]LogModuleManager: Shutting down and abandoning module AudioFormatOgg (39)
[2015.03.30-19.05.16:582][828]LogModuleManager: Shutting down and abandoning module AudioFormatADPCM (38)
[2015.03.30-19.05.16:582][828]LogModuleManager: Shutting down and abandoning module LinuxTargetPlatform (37)
[2015.03.30-19.05.16:582][828]LogModuleManager: Shutting down and abandoning module LinuxServerTargetPlatform (36)
[2015.03.30-19.05.16:582][828]LogModuleManager: Shutting down and abandoning module LinuxNoEditorTargetPlatform (35)
[2015.03.30-19.05.16:582][828]LogModuleManager: Shutting down and abandoning module Messaging (34)
[2015.03.30-19.05.16:582][828]LogModuleManager: Shutting down and abandoning module IOSTargetPlatform (33)
[2015.03.30-19.05.16:582][828]LogModuleManager: Shutting down and abandoning module HTML5TargetPlatform (32)
[2015.03.30-19.05.16:582][828]LogModuleManager: Shutting down and abandoning module Android_PVRTCTargetPlatform (31)
[2015.03.30-19.05.16:582][828]LogModuleManager: Shutting down and abandoning module Android_ETC2TargetPlatform (30)
[2015.03.30-19.05.16:582][828]LogModuleManager: Shutting down and abandoning module Android_ETC1TargetPlatform (29)
[2015.03.30-19.05.16:582][828]LogModuleManager: Shutting down and abandoning module Android_ES31TargetPlatform (28)
[2015.03.30-19.05.16:582][828]LogModuleManager: Shutting down and abandoning module Android_DXTTargetPlatform (27)
[2015.03.30-19.05.16:582][828]LogModuleManager: Shutting down and abandoning module Android_ATCTargetPlatform (26)
[2015.03.30-19.05.16:582][828]LogModuleManager: Shutting down and abandoning module AndroidTargetPlatform (25)
[2015.03.30-19.05.16:582][828]LogModuleManager: Shutting down and abandoning module WindowsTargetPlatform (24)
[2015.03.30-19.05.16:582][828]LogModuleManager: Shutting down and abandoning module WindowsServerTargetPlatform (23)
[2015.03.30-19.05.16:582][828]LogModuleManager: Shutting down and abandoning module WindowsNoEditorTargetPlatform (22)
[2015.03.30-19.05.16:582][828]LogModuleManager: Shutting down and abandoning module WindowsClientTargetPlatform (21)
[2015.03.30-19.05.16:582][828]LogModuleManager: Shutting down and abandoning module TargetPlatform (20)
[2015.03.30-19.05.16:582][828]LogModuleManager: Shutting down and abandoning module InputCore (19)
[2015.03.30-19.05.16:582][828]LogModuleManager: Shutting down and abandoning module Settings (18)
[2015.03.30-19.05.16:582][828]LogModuleManager: Shutting down and abandoning module OnlineSubsystem (16)
[2015.03.30-19.05.16:582][828]LogModuleManager: Shutting down and abandoning module OculusRift (15)
[2015.03.30-19.05.16:582][828]LogModuleManager: Shutting down and abandoning module ExampleDeviceProfileSelector (14)
[2015.03.30-19.05.16:582][828]LogModuleManager: Shutting down and abandoning module TextureCompressor (13)
[2015.03.30-19.05.16:582][828]LogModuleManager: Shutting down and abandoning module ShaderCore (12)
[2015.03.30-19.05.16:582][828]LogModuleManager: Shutting down and abandoning module Landscape (11)
[2015.03.30-19.05.16:582][828]LogModuleManager: Shutting down and abandoning module SlateRHIRenderer (10)
[2015.03.30-19.05.16:586][828]LogModuleManager: Shutting down and abandoning module OpenGLDrv (9)
[2015.03.30-19.05.16:586][828]LogModuleManager: Shutting down and abandoning module D3D11RHI (8)
[2015.03.30-19.05.16:586][828]LogModuleManager: Shutting down and abandoning module Renderer (7)
[2015.03.30-19.05.16:586][828]LogModuleManager: Shutting down and abandoning module Engine (6)
[2015.03.30-19.05.16:586][828]LogModuleManager: Shutting down and abandoning module CoreUObject (5)
[2015.03.30-19.05.16:586][828]LogModuleManager: Shutting down and abandoning module NetworkFile (4)
[2015.03.30-19.05.16:586][828]LogModuleManager: Shutting down and abandoning module StreamingFile (3)
[2015.03.30-19.05.16:586][828]LogModuleManager: Shutting down and abandoning module SandboxFile (2)
[2015.03.30-19.05.16:586][828]LogModuleManager: Shutting down and abandoning module PakFile (1)
[2015.03.30-19.05.16:586][828]LogExit: Exiting.
[2015.03.30-19.05.16:606][828]Log file closed, 03/30/15 12:05:16
