Log file open, 04/12/15 11:39:09
LogInit:Display: Running engine for game: ShootEmUp
LogInit: Version: 4.7.5-2503383+++depot+UE4-Releases+4.7
LogInit: API Version: 2455222
LogInit: Compiled (64-bit): Apr  6 2015 23:21:51
LogInit: Compiled with Visual C++: 18.00.21005.01
LogInit: Build Configuration: Development
LogInit: Branch Name: ++depot+UE4-Releases+4.7
LogInit: Command line: 
LogInit: Base directory: D:/Epic Games/4.7/Engine/Binaries/Win64/
LogInit: Rocket: 1
[2015.04.12-15.39.09:225][  0]LogTaskGraph: Started task graph with 3 named threads and 6 total threads.
[2015.04.12-15.39.09:292][  0]LogOnline:Warning: No default platform service specified for OnlineSubsystem
[2015.04.12-15.39.09:307][  0]LogInit: Presizing for 0 objects not considered by GC, pre-allocating 0 bytes.
[2015.04.12-15.39.09:319][  0]LogInit: Object subsystem initialized
[2015.04.12-15.39.09:321][  0]LogConsoleResponse:Warning: Skipping Unknown console variable: 'TranslucentSortAxis = (X=0.000000,Y=-1.000000,Z=0.000000)'
[2015.04.12-15.39.09:321][  0]LogConsoleResponse:Warning:   Found in ini file 'D:/Tyler/Documents/GitHub/Games/Sandbox/ShootEmUp/ShootEmUp/Saved/Config/Windows/Engine.ini', in section '[/Script/Engine.RendererSettings]'
[2015.04.12-15.39.09:321][  0]LogConsoleResponse:Warning: Skipping Unknown console variable: 'UIScaleRule = ShortestSide'
[2015.04.12-15.39.09:321][  0]LogConsoleResponse:Warning:   Found in ini file 'D:/Tyler/Documents/GitHub/Games/Sandbox/ShootEmUp/ShootEmUp/Saved/Config/Windows/Engine.ini', in section '[/Script/Engine.RendererSettings]'
[2015.04.12-15.39.09:321][  0]LogConsoleResponse:Warning: Skipping Unknown console variable: 'UIScaleCurve = (EditorCurveData=(Keys=),ExternalCurve=None)'
[2015.04.12-15.39.09:321][  0]LogConsoleResponse:Warning:   Found in ini file 'D:/Tyler/Documents/GitHub/Games/Sandbox/ShootEmUp/ShootEmUp/Saved/Config/Windows/Engine.ini', in section '[/Script/Engine.RendererSettings]'
[2015.04.12-15.39.09:322][  0]LogInit: Selected Device Profile: [Windows]
[2015.04.12-15.39.09:322][  0]LogInit: Applying CVar settings loaded from the selected device profile: [Windows]
[2015.04.12-15.39.09:328][  0]LogInit: Computer: GRAPHICSSERVER
[2015.04.12-15.39.09:328][  0]LogInit: User: tyler
[2015.04.12-15.39.09:328][  0]LogInit: CPU Page size=4096, Cores=4
[2015.04.12-15.39.09:328][  0]LogInit: High frequency timer resolution =3.001600 MHz
[2015.04.12-15.39.09:328][  0]LogMemory: Memory total: Physical=16.0GB (16GB approx) Virtual=131072.0GB
[2015.04.12-15.39.09:328][  0]LogMemory: Platform Memory Stats for Windows
[2015.04.12-15.39.09:328][  0]LogMemory: Process Physical Memory: 45.55 MB used, 45.55 MB peak
[2015.04.12-15.39.09:328][  0]LogMemory: Process Virtual Memory: 22.53 MB used, 22.53 MB peak
[2015.04.12-15.39.09:328][  0]LogMemory: Physical Memory: 2854.02 MB used, 16375.11 MB total
[2015.04.12-15.39.09:328][  0]LogMemory: Virtual Memory: 285.02 MB used, 134217728.00 MB total
[2015.04.12-15.39.09:339][  0]LogD3D11RHI: Found D3D11 adapter 0: AMD Radeon HD 5700 Series (Feature Level 11_0)
[2015.04.12-15.39.09:339][  0]LogD3D11RHI: Adapter has 1005MB of dedicated video memory, 0MB of dedicated system memory, and 7936MB of shared system memory, 2 output[s]
[2015.04.12-15.39.09:340][  0]LogD3D11RHI: Found D3D11 adapter 1: Microsoft Basic Render Driver (Feature Level 11_0)
[2015.04.12-15.39.09:340][  0]LogD3D11RHI: Adapter has 0MB of dedicated video memory, 0MB of dedicated system memory, and 256MB of shared system memory, 0 output[s]
[2015.04.12-15.39.09:340][  0]LogD3D11RHI: Chosen D3D11 Adapter Id = 0
[2015.04.12-15.39.09:343][  0]LogRHI: Texture pool is 704 MB (70% of 1005 MB)
[2015.04.12-15.39.09:347][  0]LogD3D11RHI: Async texture creation disabled: no driver support
[2015.04.12-15.39.09:401][  0]LogTextLocalizationManager: The requested culture ('en_US') has no localization data; parent culture's ('en') localization data will be used.
[2015.04.12-15.39.09:467][  0]LogTextLocalizationManager:Warning: Loading localization resources contain conflicting entries for (Namespace:UICommands, Key:Save_ToolTip):
Resource: (D:/Epic Games/4.7/Engine/Content/Localization/Editor/en/Editor.locres) Hash: (-29098895) String: (Saves the current level to disk)
Resource: (D:/Epic Games/4.7/Engine/Content/Localization/Engine/en/Engine.locres) Hash: (-1280300587) String: (Save selected data to vlog file)
[2015.04.12-15.39.09:467][  0]LogTextLocalizationManager:Warning: Loading localization resources contain conflicting entries for (Namespace:ContentBrowser, Key:ImportAssetToolTip):
Resource: (D:/Epic Games/4.7/Engine/Content/Localization/Editor/en/Editor.locres) Hash: (-630476809) String: (Import to {0}...)
Resource: (D:/Epic Games/4.7/Engine/Content/Localization/Editor/en/Editor.locres) Hash: (1271782899) String: (Imports an asset from file to this folder.)
[2015.04.12-15.39.09:553][  0]LogContentStreaming: Texture pool size is 0.000000MB
[2015.04.12-15.39.12:010][  0]LogTargetPlatformManager:Display: Building Assets For Windows
[2015.04.12-15.39.12:565][  0]LogTargetPlatformManager:Display: Building Assets For Windows
[2015.04.12-15.39.12:634][  0]LogDerivedDataCache:Display: Max Cache Size: 512 MB
[2015.04.12-15.39.12:682][  0]LogDerivedDataCache: Loaded boot cache 0.05s 39MB C:/Users/tyler/AppData/Local/UnrealEngine/4.7/DerivedDataCache/Boot.ddc.
[2015.04.12-15.39.12:682][  0]LogDerivedDataCache:Display: Loaded Boot cache: C:/Users/tyler/AppData/Local/UnrealEngine/4.7/DerivedDataCache/Boot.ddc
[2015.04.12-15.39.12:682][  0]LogDerivedDataCache: FDerivedDataBackendGraph:  Pak pak cache file ../../../../../Tyler/Documents/GitHub/Games/Sandbox/ShootEmUp/ShootEmUp/DerivedDataCache/DDC.ddp not found, will not use a pak cache.
[2015.04.12-15.39.12:682][  0]LogDerivedDataCache: Unable to find inner node Pak for hierarchical cache Hierarchy.
[2015.04.12-15.39.12:828][  0]LogDerivedDataCache:Display: Pak cache opened for reading ../../../Engine/DerivedDataCache/Compressed.ddp.
[2015.04.12-15.39.12:840][  0]LogDerivedDataCache: Using Local data cache path C:/Users/tyler/AppData/Local/UnrealEngine/Common/DerivedDataCache: Writable
[2015.04.12-15.39.13:162][  0]LogMeshUtilities: No automatic mesh reduction module available
[2015.04.12-15.39.13:162][  0]LogMeshUtilities: No automatic mesh merging module available
[2015.04.12-15.39.13:578][  0]LogInit: WinSock: version 1.1 (2.2), MaxSocks=32767, MaxUdp=65467
[2015.04.12-15.39.13:661][  0]LogSlate:Warning: Failed to load font data from '../../../Engine/Content/Slate/Fonts/Roboto-Italic.ttf'
[2015.04.12-15.39.14:535][  0]UdpMessaging: Initializing bridge on interface 0.0.0.0:0 to multicast group 230.0.0.1:6666.
[2015.04.12-15.39.14:763][  0]SourceControl: Info Source control is disabled
[2015.04.12-15.39.14:763][  0]SourceControl: Info Source control is disabled
[2015.04.12-15.39.14:763][  0]SourceControl: Info Source control is disabled
[2015.04.12-15.39.14:763][  0]LogSourceControl: RunCommandInternalRaw: 'git version'
[2015.04.12-15.39.14:763][  0]LogSourceControl: RunCommandInternalRaw: ExecProcess ReturnCode=2 OutResults=''
[2015.04.12-15.39.14:773][  0]SourceControl: Info Source control is disabled
[2015.04.12-15.39.14:970][  0]LogObj: 24232 objects as part of root set at end of initial load.
[2015.04.12-15.39.14:970][  0]LogUObjectAllocator: 5137168 out of 0 bytes used by permanent object pool.
[2015.04.12-15.39.15:064][  0]LogEngine: Initializing Engine...
[2015.04.12-15.39.17:264][  0]LogInit: XAudio2 using 'Speakers (2- High Definition Audio Device)' : 2 channels at 44.1 kHz using 16 bits per sample (channel mask 0x3)
[2015.04.12-15.39.17:279][  0]LogInit: FAudioDevice initialized.
[2015.04.12-15.39.17:319][  0]LogAIModule: Creating AISystem for world NewWorld
[2015.04.12-15.39.17:343][  0]LogDerivedDataCache: Saved boot cache 0.02s 39MB C:/Users/tyler/AppData/Local/UnrealEngine/4.7/DerivedDataCache/Boot.ddc.
[2015.04.12-15.39.17:352][  0]LogInit: Texture streaming: Enabled
[2015.04.12-15.39.17:454][  0]LogAnalytics: Creating configured Analytics provider AnalyticsET
[2015.04.12-15.39.17:454][  0]LogAnalytics: ET APIKey = Rocket.Release. APIServer = http://et2.epicgames.com/ET2/. AppVersion = 4.7.5-2503383+++depot+UE4-Releases+4.7
[2015.04.12-15.39.17:454][  0]LogAnalytics: ET APIKey = Rocket.Release. DataRouterUploadURL = https://datarouter-public-service-gamedev.ol.epicgames.net/datarouter/api/v1/public/data. AppVersion = 4.7.5-2503383+++depot+UE4-Releases+4.7
[2015.04.12-15.39.17:454][  0]LogAnalytics: SetUserId cd12d6bf4b729a9f6ba70cb844a09567|71ce951bf3604114a422a27333520941|2c8b098c-dff3-496a-b981-565ca309ad16
[2015.04.12-15.39.17:454][  0]LogAnalytics: AnalyticsET::StartSession [Rocket.Release]
[2015.04.12-15.39.17:484][  0]LogInit: Transaction tracking system initialized
[2015.04.12-15.39.17:663][  0]BlueprintLog: New page: Editor Load
[2015.04.12-15.39.17:700][  0]LogAssetRegistry: FAssetRegistry took 0.0105 seconds to start up
[2015.04.12-15.39.17:700][  0]LogDirectoryWatcher:Warning: Failed to begin reading directory changes for ../../../Engine/Plugins/Experimental/CharacterAI/Content/. Error: 0
[2015.04.12-15.39.18:283][  0]LogTargetPlatformManager:Display: Building Assets For Windows
[2015.04.12-15.39.18:667][  0]LogTargetPlatformManager:Display: Building Assets For Windows
[2015.04.12-15.39.18:947][  0]LogSlate:Warning: Failed to load font data from '../../../Engine/Content/Editor/Slate/Fonts/Roboto-Regular.ttf'
[2015.04.12-15.39.18:948][  0]LogSlate:Warning: Failed to load font data from '../../../Engine/Content/Editor/Slate/Fonts/Roboto-Bold.ttf'
[2015.04.12-15.39.18:953][  0]LogConsoleResponse:Display: 
[2015.04.12-15.39.19:094][  0]LogCook:Display: Done creating registry. It took  0.00s.
[2015.04.12-15.39.19:249][  0]SourceControl: Info Source control is disabled
[2015.04.12-15.39.19:249][  0]Cmd: MAP LOAD FILE="../../../../../Tyler/Documents/GitHub/Games/Sandbox/ShootEmUp/ShootEmUp/Content/StarterContent/Maps/Minimal_Default.umap" TEMPLATE=0 SHOWPROGRESS=1 FEATURELEVEL=3
[2015.04.12-15.39.19:250][  0]LightingResults: New page: Lighting Build
[2015.04.12-15.39.19:263][  0]MapCheck: New page: Map Check
[2015.04.12-15.39.19:263][  0]LightingResults: New page: Lighting Build
[2015.04.12-15.39.19:272][  0]LogParticles: Destroying 0 GPU particle simulations for FXSystem 0x000000894A6A4C20
[2015.04.12-15.39.20:586][  0]LogEditorServer: Finished looking for orphan Actors (0.000 secs)
[2015.04.12-15.39.20:587][  0]LogAIModule: Creating AISystem for world Minimal_Default
[2015.04.12-15.39.20:588][  0]Cmd: MAP CHECKDEP
[2015.04.12-15.39.20:588][  0]MapCheck: New page: Minimal_Default - Apr 12, 2015, 7:39:20 AM
[2015.04.12-15.39.20:677][  0]MapCheck: Info Map check complete: 0 Error(s), 0 Warning(s), took 88.802ms to complete.
[2015.04.12-15.39.20:677][  0]LogFileHelpers: Loading map 'Minimal_Default' took 1.428
[2015.04.12-15.39.20:769][  0]LogCollectionManager: Loaded 0 collections in 0.001938 seconds
[2015.04.12-15.39.20:779][  0]LogContentBrowser: Native class hierarchy populated in 0.0101 seconds. Added 1696 classes and 261 folders.
[2015.04.12-15.39.20:878][  0]LogContentBrowser: Native class hierarchy updated for 'SceneOutliner' in 0.0016 seconds. Added 1 classes and 2 folders.
[2015.04.12-15.39.20:936][  0]LogCrashTracker: Crashtracker disabled due to settings.
[2015.04.12-15.39.20:937][  0]LogSlate:Warning: Failed to load font data from 'Veranda'
[2015.04.12-15.39.20:946][  0]LogUObjectGlobals:Warning: Failed to find object 'Class None.'
[2015.04.12-15.39.20:972][  0]LogLoad: Full Startup: 13.64 seconds (BP compile: 0.10 seconds)
[2015.04.12-15.39.21:007][  0]LogContentBrowser:Verbose: The content browser source was changed by the sources view to '/Game/StarterContent/Materials'
[2015.04.12-15.39.21:166][  0]LogRenderer:Warning: Reallocating scene render targets to support 32x32 (Frame:2).
[2015.04.12-15.39.21:303][  0]LogRenderer:Warning: Reallocating scene render targets to support 1512x1448 (Frame:8).
[2015.04.12-15.39.23:099][  6]LogAssetRegistry: Asset discovery search completed in 5.4099 seconds
[2015.04.12-15.45.20:541][881]LogContentBrowser:Verbose: The content browser source was changed by the sources view to '/Game/StarterContent/Maps'
[2015.04.12-15.45.38:309][727]LogContentBrowser:Verbose: The content browser source was changed by the sources view to 'None'
[2015.04.12-15.45.40:809][855]LogContentBrowser:Verbose: The content browser source was changed by the sources view to '/Game/StarterContent/Architecture'
[2015.04.12-15.45.41:532][893]LogContentBrowser:Verbose: The content browser source was changed by the sources view to '/Game/StarterContent/Audio'
[2015.04.12-15.45.42:061][924]LogContentBrowser:Verbose: The content browser source was changed by the sources view to '/Game/StarterContent/HDRI'
[2015.04.12-15.45.42:714][960]LogContentBrowser:Verbose: The content browser source was changed by the sources view to '/Game/StarterContent/Blueprints'
[2015.04.12-15.45.45:106][ 76]LogContentBrowser:Verbose: The content browser source was changed by the sources view to '/Game/StarterContent/Maps'
[2015.04.12-15.45.45:820][117]LogContentBrowser:Verbose: The content browser source was changed by the sources view to '/Game/StarterContent/Materials'
[2015.04.12-15.45.46:757][151]LogContentBrowser:Verbose: The content browser source was changed by the sources view to '/Game/StarterContent/Particles'
[2015.04.12-15.45.47:430][188]LogContentBrowser:Verbose: The content browser source was changed by the sources view to '/Game/StarterContent/Props'
[2015.04.12-15.45.48:585][248]LogContentBrowser:Verbose: The content browser source was changed by the sources view to '/Game/StarterContent/Shapes'
[2015.04.12-15.45.49:338][288]LogContentBrowser:Verbose: The content browser source was changed by the sources view to '/Game/StarterContent/Textures'
[2015.04.12-15.45.50:990][366]LogContentBrowser:Verbose: The content browser source was changed by the sources view to '/Game/StarterContent/Shapes'
[2015.04.12-15.46.05:394][476]LogStaticMesh: Building static mesh Shape_Trim_90_In...
[2015.04.12-15.46.05:440][476]LogStaticMesh: Built static mesh [46.416912ms] /Game/StarterContent/Shapes/Shape_Trim_90_In.Shape_Trim_90_In
[2015.04.12-15.46.12:033][103]LogStaticMesh: Building static mesh Shape_Trim_90_Out...
[2015.04.12-15.46.12:069][103]LogStaticMesh: Built static mesh [36.970947ms] /Game/StarterContent/Shapes/Shape_Trim_90_Out.Shape_Trim_90_Out
[2015.04.12-15.46.18:405][610]LogStaticMesh: Building static mesh Shape_WideCapsule...
[2015.04.12-15.46.18:457][610]LogStaticMesh: Built static mesh [51.921974ms] /Game/StarterContent/Shapes/Shape_WideCapsule.Shape_WideCapsule
[2015.04.12-15.46.37:350][ 20]LogStaticMesh: Building static mesh Shape_QuadPyramid...
[2015.04.12-15.46.37:386][ 20]LogStaticMesh: Built static mesh [35.858875ms] /Game/StarterContent/Shapes/Shape_QuadPyramid.Shape_QuadPyramid
[2015.04.12-15.46.47:047][460]LogSavePackage: Save=223.149658ms
[2015.04.12-15.46.47:047][460]LogSavePackage: Moving '../../../../../Tyler/Documents/GitHub/Games/Sandbox/ShootEmUp/ShootEmUp/Saved/Shape_PlaneE4ADEE37449F94159478B7A9F48FABC9.tmp' to '../../../../../Tyler/Documents/GitHub/Games/Sandbox/ShootEmUp/ShootEmUp/Content/StarterContent/Shapes/Shape_Plane.uasset'
[2015.04.12-15.46.47:385][460]LogSavePackage: Save=303.191956ms
[2015.04.12-15.46.47:386][460]LogSavePackage: Moving '../../../../../Tyler/Documents/GitHub/Games/Sandbox/ShootEmUp/ShootEmUp/Saved/Shape_QuadPyramid3701EFE842EC0424093957A82D9E7B02.tmp' to '../../../../../Tyler/Documents/GitHub/Games/Sandbox/ShootEmUp/ShootEmUp/Content/StarterContent/Shapes/Shape_QuadPyramid.uasset'
[2015.04.12-15.46.47:524][460]LogSavePackage: Save=93.550438ms
[2015.04.12-15.46.47:524][460]LogSavePackage: Moving '../../../../../Tyler/Documents/GitHub/Games/Sandbox/ShootEmUp/ShootEmUp/Saved/Shape_Trim_90_In74FD0C6F462A3F9C56F610BBF1991160.tmp' to '../../../../../Tyler/Documents/GitHub/Games/Sandbox/ShootEmUp/ShootEmUp/Content/StarterContent/Shapes/Shape_Trim_90_In.uasset'
[2015.04.12-15.46.47:651][460]LogSavePackage: Save=94.804108ms
[2015.04.12-15.46.47:651][460]LogSavePackage: Moving '../../../../../Tyler/Documents/GitHub/Games/Sandbox/ShootEmUp/ShootEmUp/Saved/Shape_Trim_90_Out8C19861D4CDCB0343C98618828DB3215.tmp' to '../../../../../Tyler/Documents/GitHub/Games/Sandbox/ShootEmUp/ShootEmUp/Content/StarterContent/Shapes/Shape_Trim_90_Out.uasset'
[2015.04.12-15.46.47:943][460]LogSavePackage: Save=259.407990ms
[2015.04.12-15.46.47:943][460]LogSavePackage: Moving '../../../../../Tyler/Documents/GitHub/Games/Sandbox/ShootEmUp/ShootEmUp/Saved/Shape_WideCapsule91ED8A1E443C5EE434F02D986EAFC85F.tmp' to '../../../../../Tyler/Documents/GitHub/Games/Sandbox/ShootEmUp/ShootEmUp/Content/StarterContent/Shapes/Shape_WideCapsule.uasset'
[2015.04.12-15.47.39:189][431]MapCheck: New page: Map Check
[2015.04.12-15.47.39:203][431]Cmd: MAP REBUILD ALLVISIBLE
[2015.04.12-15.47.39:204][431]LogEditorServer: Rebuildmap Clear paths rebuilt
[2015.04.12-15.47.41:066][431]LightingResults: New page: Lighting Build - Apr 12, 2015, 7:47:41 AM
[2015.04.12-15.47.45:314][431]LogStaticLightingSystem:Warning: No importance volume found, so the scene bounding box was used.  You can optimize your scene's quality and lighting build times by adding importance volumes.
[2015.04.12-15.47.45:317][431]LogStaticLightingSystem: Running Lightmass w/ ImmediateImport mode ENABLED
[2015.04.12-15.47.45:317][431]LogStaticLightingSystem: Running Lightmass w/ ImmediateProcess mode ENABLED
[2015.04.12-15.47.45:317][431]LogStaticLightingSystem: Running Lightmass w/ Sorting mode ENABLED
[2015.04.12-15.47.45:317][431]LogStaticLightingSystem: Running Lightmass w/ Mapping paddings ENABLED
[2015.04.12-15.47.45:317][431]LogStaticLightingSystem: Running Lightmass w/ Mapping debug paddings DISABLED
[2015.04.12-15.47.45:522][431]LogEditorBuildUtils: Build time 0:00:06
[2015.04.12-15.47.45:532][431]LogMaterial: Missing cached shader map for material FLightmassMaterialRenderer M_Ceramic_Tile_Checker, compiling. 
[2015.04.12-15.47.45:541][431]LogMaterial: Missing cached shader map for material FLightmassMaterialRenderer M_Ceramic_Tile_Checker, compiling. 
[2015.04.12-15.47.45:608][432]LogMaterial: Missing cached shader map for material FLightmassMaterialRenderer M_Brick_Cut_Stone, compiling. 
[2015.04.12-15.47.45:612][432]LogMaterial: Missing cached shader map for material FLightmassMaterialRenderer M_Brick_Cut_Stone, compiling. 
[2015.04.12-15.47.50:932][577]LightingResults:Error: Error <None> Object has overlapping UVs.
[2015.04.12-15.47.50:932][577]LightingResults: Info <None> Lightmap UV are overlapping by 66.7%. Please adjust content - Enable Error Coloring to visualize.
[2015.04.12-15.47.51:035][581]Job is a success!
[2015.04.12-15.47.51:658][582]LogTexture:Display: Building textures: HQ_Lightmap0_1 (AutoDXT)
[2015.04.12-15.47.52:071][582]LogTexture:Display: Building textures: LQ_Lightmap_0_2 (DXT1)
[2015.04.12-15.47.52:074][582]LogTexture:Display: Building textures: HQ_Lightmap0_2 (AutoDXT)
[2015.04.12-15.47.52:083][582]LogTexture:Display: Building textures: LQ_Lightmap_0_1 (DXT1)
[2015.04.12-15.47.52:446][582]LogTexture:Display: Building textures: ShadowMapTexture2D_0 (BGRA8)
[2015.04.12-15.47.52:509][582]LogTexture:Display: Building textures: ShadowMapTexture2D_1 (BGRA8)
[2015.04.12-15.47.52:557][582]Lightmass on GRAPHICSSERVER: 5.01 sec total, 170 ms importing, 7 ms setup, 777 ms photons, 4.01 sec processing, 0 ms extra exporting [415/415 mappings]. Threads: 27.9 sec total, 14.1 sec processing.
[2015.04.12-15.47.52:722][582]LogStaticLightingSystem: Illumination: 11.5 sec (972 ms encoding lightmaps)
[2015.04.12-15.47.52:722][582]LogStaticLightingSystem: Lightmap texture memory:  1.3 MB (0.0 MB streaming, 1.3 MB non-streaming), 4 textures
[2015.04.12-15.47.52:722][582]LogStaticLightingSystem: Shadowmap texture memory: 2.7 MB (0.0 MB streaming, 2.7 MB non-streaming), 2 textures
[2015.04.12-15.47.57:342][583]Cmd: MAP CHECK NOTIFYRESULTS
[2015.04.12-15.47.57:342][583]MapCheck: New page: Minimal_Default - Apr 12, 2015, 7:47:57 AM
[2015.04.12-15.47.57:456][583]MapCheck: Info Map check complete: 0 Error(s), 0 Warning(s), took 113.862ms to complete.
[2015.04.12-15.47.57:477][583]LogPlayLevel: PIE:  No blueprints needed recompiling
[2015.04.12-15.47.57:477][583]PIE: New page: PIE session: Minimal_Default (Apr 12, 2015, 7:47:57 AM)
[2015.04.12-15.47.57:543][583]LogPlayLevel: PIE: StaticDuplicateObject took: (0.065460s)
[2015.04.12-15.47.57:543][583]LogPlayLevel: PIE: World Init took: (0.000710s)
[2015.04.12-15.47.57:544][583]LogPlayLevel: PIE: Created PIE world by copying editor world from /Game/StarterContent/Maps/Minimal_Default.Minimal_Default to /Game/StarterContent/Maps/UEDPIE_0_Minimal_Default.Minimal_Default (0.066441s)
[2015.04.12-15.47.57:605][583]LogWorld: Game class is 'GameMode'
[2015.04.12-15.47.57:607][583]LogAIModule: Creating AISystem for world Minimal_Default
[2015.04.12-15.47.57:649][583]LogWorld: Bringing World /Game/StarterContent/Maps/UEDPIE_0_Minimal_Default.Minimal_Default up for play (max tick rate 0) at 2015.04.12-11.47.57
[2015.04.12-15.47.57:693][583]LogWorld: Bringing up level for play took: 0.085448
[2015.04.12-15.47.57:698][583]PIE: Info Play in editor start time for /Game/StarterContent/Maps/UEDPIE_0_Minimal_Default -0.143
[2015.04.12-15.48.49:329][208]LogParticles: Destroying 0 GPU particle simulations for FXSystem 0x0000008945EC9D00
[2015.04.12-15.49.31:669][775]LogEditorViewport: Clicking on Actor (LMB): BP_Sky_Sphere_C (BP_Sky_Sphere)
[2015.04.12-15.49.44:518][279]LogEditorViewport: Clicking on Actor (LMB): PointLight (PointLight)
[2015.04.12-15.50.24:313][437]LogSavePackage: Save=848.917603ms
[2015.04.12-15.50.24:313][437]LogSavePackage: Moving '../../../../../Tyler/Documents/GitHub/Games/Sandbox/ShootEmUp/ShootEmUp/Saved/Minimal_Default_Auto19ABEFCBD43D53751CBE288979E892F69.tmp' to '../../../../../Tyler/Documents/GitHub/Games/Sandbox/ShootEmUp/ShootEmUp/Saved/Autosaves/Game/StarterContent/Maps/Minimal_Default_Auto1.umap'
[2015.04.12-15.50.24:363][437]LogFileHelpers: Editor autosave (incl. sublevels) for '/Game/StarterContent/Maps/Minimal_Default' took 0.981
[2015.04.12-15.50.24:363][437]LogFileHelpers: Editor autosave (incl. sublevels) for all levels took 0.981
[2015.04.12-15.50.36:322][803]LogEditorViewport: Clicking on Actor (LMB): BP_Sky_Sphere_C (BP_Sky_Sphere)
[2015.04.12-15.50.38:524][870]LogPlayLevel: PIE:  No blueprints needed recompiling
[2015.04.12-15.50.38:524][870]PIE: New page: PIE session: Minimal_Default (Apr 12, 2015, 7:50:38 AM)
[2015.04.12-15.50.38:603][870]LogPlayLevel: PIE: StaticDuplicateObject took: (0.067403s)
[2015.04.12-15.50.38:604][870]LogPlayLevel: PIE: World Init took: (0.000729s)
[2015.04.12-15.50.38:604][870]LogPlayLevel: PIE: Created PIE world by copying editor world from /Game/StarterContent/Maps/Minimal_Default.Minimal_Default to /Game/StarterContent/Maps/UEDPIE_0_Minimal_Default.Minimal_Default (0.068377s)
[2015.04.12-15.50.38:647][870]LogWorld: Game class is 'GameMode'
[2015.04.12-15.50.38:649][870]LogAIModule: Creating AISystem for world Minimal_Default
[2015.04.12-15.50.38:692][870]LogWorld: Bringing World /Game/StarterContent/Maps/UEDPIE_0_Minimal_Default.Minimal_Default up for play (max tick rate 0) at 2015.04.12-11.50.38
[2015.04.12-15.50.38:697][870]LogWorld: Bringing up level for play took: 0.047224
[2015.04.12-15.50.38:700][870]PIE: Info Play in editor start time for /Game/StarterContent/Maps/UEDPIE_0_Minimal_Default 0.859
[2015.04.12-15.50.40:047][940]LogParticles: Destroying 0 GPU particle simulations for FXSystem 0x0000008947104AE0
[2015.04.12-15.50.41:786][  3]MapCheck: New page: Map Check
[2015.04.12-15.50.41:806][  3]Cmd: MAP REBUILD ALLVISIBLE
[2015.04.12-15.50.41:806][  3]LogEditorServer: Rebuildmap Clear paths rebuilt
[2015.04.12-15.50.43:666][  3]LightingResults: New page: Lighting Build - Apr 12, 2015, 7:50:43 AM
[2015.04.12-15.50.48:243][  3]LogStaticLightingSystem:Warning: No importance volume found, so the scene bounding box was used.  You can optimize your scene's quality and lighting build times by adding importance volumes.
[2015.04.12-15.50.48:245][  3]LogStaticLightingSystem: Running Lightmass w/ ImmediateImport mode ENABLED
[2015.04.12-15.50.48:245][  3]LogStaticLightingSystem: Running Lightmass w/ ImmediateProcess mode ENABLED
[2015.04.12-15.50.48:245][  3]LogStaticLightingSystem: Running Lightmass w/ Sorting mode ENABLED
[2015.04.12-15.50.48:245][  3]LogStaticLightingSystem: Running Lightmass w/ Mapping paddings ENABLED
[2015.04.12-15.50.48:245][  3]LogStaticLightingSystem: Running Lightmass w/ Mapping debug paddings DISABLED
[2015.04.12-15.50.48:366][  3]LogEditorBuildUtils: Build time 0:00:06
[2015.04.12-15.50.52:085][136]LightingResults:Error: Error <None> Object has overlapping UVs.
[2015.04.12-15.50.52:085][136]LightingResults: Info <None> Lightmap UV are overlapping by 66.7%. Please adjust content - Enable Error Coloring to visualize.
[2015.04.12-15.50.52:198][140]Job is a success!
[2015.04.12-15.50.52:838][141]LogTexture:Display: Building textures: HQ_Lightmap0_1 (AutoDXT)
[2015.04.12-15.50.53:256][141]LogTexture:Display: Building textures: LQ_Lightmap_1_2 (DXT1)
[2015.04.12-15.50.53:259][141]LogTexture:Display: Building textures: HQ_Lightmap1_2 (AutoDXT)
[2015.04.12-15.50.53:268][141]LogTexture:Display: Building textures: LQ_Lightmap_0_1 (DXT1)
[2015.04.12-15.50.53:634][141]LogTexture:Display: Building textures: ShadowMapTexture2D_2 (BGRA8)
[2015.04.12-15.50.53:694][141]LogTexture:Display: Building textures: ShadowMapTexture2D_3 (BGRA8)
[2015.04.12-15.50.53:709][141]Lightmass on GRAPHICSSERVER: 4.89 sec total, 144 ms importing, 6 ms setup, 636 ms photons, 4.08 sec processing, 0 ms extra exporting [415/415 mappings]. Threads: 28.4 sec total, 14.6 sec processing.
[2015.04.12-15.50.53:866][141]LogStaticLightingSystem: Illumination: 10.1 sec (956 ms encoding lightmaps)
[2015.04.12-15.50.53:866][141]LogStaticLightingSystem: Lightmap texture memory:  1.3 MB (0.0 MB streaming, 1.3 MB non-streaming), 4 textures
[2015.04.12-15.50.53:866][141]LogStaticLightingSystem: Shadowmap texture memory: 5.4 MB (0.0 MB streaming, 5.3 MB non-streaming), 4 textures
[2015.04.12-15.50.54:257][142]Cmd: MAP CHECK NOTIFYRESULTS
[2015.04.12-15.50.54:258][142]MapCheck: New page: Minimal_Default - Apr 12, 2015, 7:50:54 AM
[2015.04.12-15.50.54:354][142]MapCheck: Info Map check complete: 0 Error(s), 0 Warning(s), took 96.404ms to complete.
[2015.04.12-15.51.18:718][  9]LogPlayLevel: PIE:  No blueprints needed recompiling
[2015.04.12-15.51.18:718][  9]PIE: New page: PIE session: Minimal_Default (Apr 12, 2015, 7:51:18 AM)
[2015.04.12-15.51.18:784][  9]LogPlayLevel: PIE: StaticDuplicateObject took: (0.065840s)
[2015.04.12-15.51.18:785][  9]LogPlayLevel: PIE: World Init took: (0.000710s)
[2015.04.12-15.51.18:785][  9]LogPlayLevel: PIE: Created PIE world by copying editor world from /Game/StarterContent/Maps/Minimal_Default.Minimal_Default to /Game/StarterContent/Maps/UEDPIE_0_Minimal_Default.Minimal_Default (0.066795s)
[2015.04.12-15.51.18:823][  9]LogWorld: Game class is 'GameMode'
[2015.04.12-15.51.18:825][  9]LogAIModule: Creating AISystem for world Minimal_Default
[2015.04.12-15.51.18:883][  9]LogWorld: Bringing World /Game/StarterContent/Maps/UEDPIE_0_Minimal_Default.Minimal_Default up for play (max tick rate 0) at 2015.04.12-11.51.18
[2015.04.12-15.51.18:888][  9]LogWorld: Bringing up level for play took: 0.062463
[2015.04.12-15.51.18:891][  9]PIE: Info Play in editor start time for /Game/StarterContent/Maps/UEDPIE_0_Minimal_Default 1.05
[2015.04.12-15.51.59:086][510]LogParticles: Destroying 0 GPU particle simulations for FXSystem 0x0000008945EE0E00
[2015.04.12-15.52.05:154][724]LogEditorViewport: Clicking on Actor (LMB): PointLight (PointLight2)
[2015.04.12-15.53.10:884][671]LogEditorViewport: Clicking on Actor (LMB): BP_Sky_Sphere_C (BP_Sky_Sphere)
[2015.04.12-15.53.24:216][ 36]LogEditorViewport: Clicking on Actor (LMB): PointLight (PointLight5)
[2015.04.12-15.54.02:165][ 55]LogEditorViewport: Clicking on Actor (LMB): BP_Sky_Sphere_C (BP_Sky_Sphere)
[2015.04.12-15.54.11:767][330]MapCheck: New page: Map Check
[2015.04.12-15.54.11:831][330]Cmd: MAP REBUILD ALLVISIBLE
[2015.04.12-15.54.11:832][330]LogEditorServer: Rebuildmap Clear paths rebuilt
[2015.04.12-15.54.13:712][330]LightingResults: New page: Lighting Build - Apr 12, 2015, 7:54:13 AM
[2015.04.12-15.54.18:289][330]LogStaticLightingSystem:Warning: No importance volume found, so the scene bounding box was used.  You can optimize your scene's quality and lighting build times by adding importance volumes.
[2015.04.12-15.54.18:291][330]LogStaticLightingSystem: Running Lightmass w/ ImmediateImport mode ENABLED
[2015.04.12-15.54.18:291][330]LogStaticLightingSystem: Running Lightmass w/ ImmediateProcess mode ENABLED
[2015.04.12-15.54.18:291][330]LogStaticLightingSystem: Running Lightmass w/ Sorting mode ENABLED
[2015.04.12-15.54.18:291][330]LogStaticLightingSystem: Running Lightmass w/ Mapping paddings ENABLED
[2015.04.12-15.54.18:291][330]LogStaticLightingSystem: Running Lightmass w/ Mapping debug paddings DISABLED
[2015.04.12-15.54.18:413][330]LogEditorBuildUtils: Build time 0:00:06
[2015.04.12-15.54.22:737][450]LightingResults:Error: Error <None> Object has overlapping UVs.
[2015.04.12-15.54.22:737][450]LightingResults: Info <None> Lightmap UV are overlapping by 66.7%. Please adjust content - Enable Error Coloring to visualize.
[2015.04.12-15.54.22:861][454]Job is a success!
[2015.04.12-15.54.23:524][455]LogTexture:Display: Building textures: HQ_Lightmap0_1 (AutoDXT)
[2015.04.12-15.54.23:912][455]LogTexture:Display: Building textures: LQ_Lightmap_0_2 (DXT1)
[2015.04.12-15.54.23:916][455]LogTexture:Display: Building textures: HQ_Lightmap0_2 (AutoDXT)
[2015.04.12-15.54.23:924][455]LogTexture:Display: Building textures: LQ_Lightmap_0_1 (DXT1)
[2015.04.12-15.54.24:317][455]LogTexture:Display: Building textures: ShadowMapTexture2D_4 (BGRA8)
[2015.04.12-15.54.24:352][455]LogTexture:Display: Building textures: ShadowMapTexture2D_5 (BGRA8)
[2015.04.12-15.54.24:371][455]Lightmass on GRAPHICSSERVER: 5.31 sec total, 164 ms importing, 6 ms setup, 638 ms photons, 4.48 sec processing, 0 ms extra exporting [415/415 mappings]. Threads: 31.2 sec total, 17.0 sec processing.
[2015.04.12-15.54.24:522][455]LogStaticLightingSystem: Illumination: 10.7 sec (925 ms encoding lightmaps)
[2015.04.12-15.54.24:523][455]LogStaticLightingSystem: Lightmap texture memory:  1.3 MB (0.0 MB streaming, 1.3 MB non-streaming), 4 textures
[2015.04.12-15.54.24:523][455]LogStaticLightingSystem: Shadowmap texture memory: 8.0 MB (0.0 MB streaming, 8.0 MB non-streaming), 6 textures
[2015.04.12-15.54.25:314][456]Cmd: MAP CHECK NOTIFYRESULTS
[2015.04.12-15.54.25:314][456]MapCheck: New page: Minimal_Default - Apr 12, 2015, 7:54:25 AM
[2015.04.12-15.54.25:411][456]MapCheck: Info Map check complete: 0 Error(s), 0 Warning(s), took 97.268ms to complete.
[2015.04.12-15.54.33:188][738]LogPlayLevel: PIE:  No blueprints needed recompiling
[2015.04.12-15.54.33:188][738]PIE: New page: PIE session: Minimal_Default (Apr 12, 2015, 7:54:33 AM)
[2015.04.12-15.54.33:261][738]LogPlayLevel: PIE: StaticDuplicateObject took: (0.066114s)
[2015.04.12-15.54.33:262][738]LogPlayLevel: PIE: World Init took: (0.000715s)
[2015.04.12-15.54.33:262][738]LogPlayLevel: PIE: Created PIE world by copying editor world from /Game/StarterContent/Maps/Minimal_Default.Minimal_Default to /Game/StarterContent/Maps/UEDPIE_0_Minimal_Default.Minimal_Default (0.067075s)
[2015.04.12-15.54.33:304][738]LogWorld: Game class is 'GameMode'
[2015.04.12-15.54.33:306][738]LogAIModule: Creating AISystem for world Minimal_Default
[2015.04.12-15.54.33:349][738]LogWorld: Bringing World /Game/StarterContent/Maps/UEDPIE_0_Minimal_Default.Minimal_Default up for play (max tick rate 0) at 2015.04.12-11.54.33
[2015.04.12-15.54.33:354][738]LogWorld: Bringing up level for play took: 0.047632
[2015.04.12-15.54.33:357][738]PIE: Info Play in editor start time for /Game/StarterContent/Maps/UEDPIE_0_Minimal_Default -0.484
[2015.04.12-15.55.39:292][569]LogParticles: Destroying 0 GPU particle simulations for FXSystem 0x0000008945EBED40
[2015.04.12-15.55.53:577][145]LogContentBrowser:Verbose: The content browser source was changed by the sources view to '/Game/StarterContent/Materials'
[2015.04.12-15.56.39:251][728]LogEditorViewport: Clicking on Actor (LMB): BP_Sky_Sphere_C (BP_Sky_Sphere)
[2015.04.12-15.57.08:742][710]LogEditorViewport: Clicking on Actor (LMB): BP_Sky_Sphere_C (BP_Sky_Sphere)
[2015.04.12-15.58.22:337][ 77]LogEditorViewport: Clicking on Actor (LMB): BP_Sky_Sphere_C (BP_Sky_Sphere)
[2015.04.12-15.58.37:247][601]LogMaterial: Missing cached shader map for material M_CobbleStone_Rough, compiling. 
[2015.04.12-15.58.37:287][601]LogActorComponent: UnregisterComponent: (/Engine/Transient.SkeletalMeshComponent_0) Not registered. Aborting.
[2015.04.12-15.58.37:347][601]LogActorComponent: UnregisterComponent: (/Engine/Transient.SkeletalMeshComponent_0) Not registered. Aborting.
[2015.04.12-15.58.37:347][601]LogActorComponent: RegisterComponentWithWorld: (/Engine/Transient.MaterialEditorMeshComponent_0) Already registered. Aborting.
[2015.04.12-15.58.37:348][601]LogActorComponent: UnregisterComponent: (/Engine/Transient.SkeletalMeshComponent_0) Not registered. Aborting.
[2015.04.12-15.58.37:348][601]LogActorComponent: RegisterComponentWithWorld: (/Engine/Transient.MaterialEditorMeshComponent_0) Already registered. Aborting.
[2015.04.12-15.58.37:398][601]LogMaterial: Missing cached shader map for material M_CobbleStone_Rough, compiling. 
[2015.04.12-15.58.37:407][601]LogMaterial: 0.000030 seconds spent updating 1 materials, 1 interfaces, 0 instances, 0 with static permutations.
[2015.04.12-15.58.37:435][601]LogMaterial: Missing cached shader map for material FMatExpressionPreview MaterialExpressionTextureSample_19, compiling. 
[2015.04.12-15.58.37:438][601]LogMaterial: Missing cached shader map for material FMatExpressionPreview MaterialExpressionTextureSampleParameter2D_39, compiling. 
[2015.04.12-15.58.37:442][601]LogMaterial: Missing cached shader map for material FMatExpressionPreview MaterialExpressionBumpOffset_13, compiling. 
[2015.04.12-15.58.37:446][601]LogMaterial: Missing cached shader map for material FMatExpressionPreview MaterialExpressionTextureSampleParameter2D_41, compiling. 
[2015.04.12-15.58.37:450][601]LogMaterial: Missing cached shader map for material FMatExpressionPreview MaterialExpressionTextureSampleParameter2D_42, compiling. 
[2015.04.12-15.58.37:453][601]LogMaterial: Missing cached shader map for material FMatExpressionPreview MaterialExpressionBumpOffset_14, compiling. 
[2015.04.12-15.58.37:457][601]LogMaterial: Missing cached shader map for material FMatExpressionPreview MaterialExpressionTextureSampleParameter2D_43, compiling. 
[2015.04.12-15.58.37:461][601]LogMaterial: Missing cached shader map for material FMatExpressionPreview MaterialExpressionBumpOffset_15, compiling. 
[2015.04.12-15.58.37:465][601]LogMaterial: Missing cached shader map for material FMatExpressionPreview MaterialExpressionTextureSampleParameter2D_45, compiling. 
[2015.04.12-15.58.37:468][601]LogMaterial: Missing cached shader map for material FMatExpressionPreview MaterialExpressionTextureSampleParameter2D_47, compiling. 
[2015.04.12-15.58.37:471][601]LogMaterial: Missing cached shader map for material FMatExpressionPreview MaterialExpressionBumpOffset_16, compiling. 
[2015.04.12-15.58.37:473][601]LogMaterial: Missing cached shader map for material FMatExpressionPreview MaterialExpressionTextureSampleParameter2D_48, compiling. 
[2015.04.12-15.58.37:476][601]LogMaterial: Missing cached shader map for material FMatExpressionPreview MaterialExpressionTextureSampleParameter2D_50, compiling. 
[2015.04.12-15.58.37:480][601]LogMaterial: Missing cached shader map for material FMatExpressionPreview MaterialExpressionBumpOffset_17, compiling. 
[2015.04.12-15.58.37:482][601]LogMaterial: Missing cached shader map for material FMatExpressionPreview MaterialExpressionTextureSampleParameter2D_51, compiling. 
[2015.04.12-15.58.37:486][601]LogMaterial: Missing cached shader map for material FMatExpressionPreview MaterialExpressionTextureSampleParameter2D_53, compiling. 
[2015.04.12-15.58.37:489][601]LogMaterial: Missing cached shader map for material FMatExpressionPreview MaterialExpressionBumpOffset_18, compiling. 
[2015.04.12-15.58.37:492][601]LogMaterial: Missing cached shader map for material FMatExpressionPreview MaterialExpressionTextureSampleParameter2D_54, compiling. 
[2015.04.12-15.58.37:495][601]LogMaterial: Missing cached shader map for material FMatExpressionPreview MaterialExpressionTextureSampleParameter2D_56, compiling. 
[2015.04.12-15.58.37:498][601]LogMaterial: Missing cached shader map for material FMatExpressionPreview MaterialExpressionTextureSampleParameter2D_57, compiling. 
[2015.04.12-15.58.37:501][601]LogMaterial: Missing cached shader map for material FMatExpressionPreview MaterialExpressionBumpOffset_19, compiling. 
[2015.04.12-15.58.37:504][601]LogMaterial: Missing cached shader map for material FMatExpressionPreview MaterialExpressionTextureSampleParameter2D_59, compiling. 
[2015.04.12-15.58.37:506][601]LogMaterial: Missing cached shader map for material FMatExpressionPreview MaterialExpressionBumpOffset_20, compiling. 
[2015.04.12-15.58.37:509][601]LogMaterial: Missing cached shader map for material FMatExpressionPreview MaterialExpressionTextureSampleParameter2D_60, compiling. 
[2015.04.12-15.58.37:511][601]LogMaterial: Missing cached shader map for material FMatExpressionPreview MaterialExpressionTextureSampleParameter2D_62, compiling. 
[2015.04.12-15.58.37:514][601]LogMaterial: Missing cached shader map for material FMatExpressionPreview MaterialExpressionBumpOffset_21, compiling. 
[2015.04.12-15.58.37:516][601]LogMaterial: Missing cached shader map for material FMatExpressionPreview MaterialExpressionTextureSampleParameter2D_63, compiling. 
[2015.04.12-15.58.37:519][601]LogMaterial: Missing cached shader map for material FMatExpressionPreview MaterialExpressionTextureSampleParameter2D_65, compiling. 
[2015.04.12-15.58.37:521][601]LogMaterial: Missing cached shader map for material FMatExpressionPreview MaterialExpressionTextureSampleParameter2D_66, compiling. 
[2015.04.12-15.58.37:524][601]LogMaterial: Missing cached shader map for material FMatExpressionPreview MaterialExpressionBumpOffset_22, compiling. 
[2015.04.12-15.58.37:526][601]LogMaterial: Missing cached shader map for material FMatExpressionPreview MaterialExpressionTextureSampleParameter2D_67, compiling. 
[2015.04.12-15.58.37:529][601]LogMaterial: Missing cached shader map for material FMatExpressionPreview MaterialExpressionBumpOffset_23, compiling. 
[2015.04.12-15.58.37:531][601]LogMaterial: Missing cached shader map for material FMatExpressionPreview MaterialExpressionTextureSampleParameter2D_69, compiling. 
[2015.04.12-15.58.37:534][601]LogMaterial: Missing cached shader map for material FMatExpressionPreview MaterialExpressionTextureSample_31, compiling. 
[2015.04.12-15.58.37:536][601]LogMaterial: Missing cached shader map for material FMatExpressionPreview MaterialExpressionTextureSampleParameter2D_72, compiling. 
[2015.04.12-15.58.37:539][601]LogMaterial: Missing cached shader map for material FMatExpressionPreview MaterialExpressionTextureSampleParameter2D_73, compiling. 
[2015.04.12-15.58.37:542][601]LogMaterial: Missing cached shader map for material FMatExpressionPreview MaterialExpressionBumpOffset_25, compiling. 
[2015.04.12-15.58.37:546][601]LogMaterial: Missing cached shader map for material FMatExpressionPreview MaterialExpressionTextureSampleParameter2D_0, compiling. 
[2015.04.12-15.58.37:548][601]LogMaterial: Missing cached shader map for material FMatExpressionPreview MaterialExpressionTextureSampleParameter2D_2, compiling. 
[2015.04.12-15.58.37:552][601]LogMaterial: Missing cached shader map for material FMatExpressionPreview MaterialExpressionTextureSampleParameter2D_4, compiling. 
[2015.04.12-15.58.37:555][601]LogMaterial: Missing cached shader map for material FMatExpressionPreview MaterialExpressionTextureSampleParameter2D_6, compiling. 
[2015.04.12-15.58.37:559][601]LogMaterial: Missing cached shader map for material FMatExpressionPreview MaterialExpressionTextureSampleParameter2D_8, compiling. 
[2015.04.12-15.58.37:563][601]LogMaterial: Missing cached shader map for material FMatExpressionPreview MaterialExpressionTextureSampleParameter2D_10, compiling. 
[2015.04.12-15.58.37:566][601]LogMaterial: Missing cached shader map for material FMatExpressionPreview MaterialExpressionTextureSampleParameter2D_12, compiling. 
[2015.04.12-15.58.37:569][601]LogMaterial: Missing cached shader map for material FMatExpressionPreview MaterialExpressionTextureSampleParameter2D_14, compiling. 
[2015.04.12-15.58.37:571][601]LogMaterial: Missing cached shader map for material FMatExpressionPreview MaterialExpressionTextureSampleParameter2D_16, compiling. 
[2015.04.12-15.58.37:574][601]LogMaterial: Missing cached shader map for material FMatExpressionPreview MaterialExpressionTextureSampleParameter2D_18, compiling. 
[2015.04.12-15.58.37:577][601]LogMaterial: Missing cached shader map for material FMatExpressionPreview MaterialExpressionTextureSampleParameter2D_20, compiling. 
[2015.04.12-15.58.37:581][601]LogMaterial: Missing cached shader map for material FMatExpressionPreview MaterialExpressionTextureSampleParameter2D_22, compiling. 
[2015.04.12-15.58.39:647][685]MaterialEditorStats: Info Base pass shader with static lighting: 210 instructions
[2015.04.12-15.58.39:647][685]MaterialEditorStats: Info Base pass shader with only dynamic lighting: 179 instructions
[2015.04.12-15.58.39:647][685]MaterialEditorStats: Info Vertex shader: 33 instructions
[2015.04.12-15.58.39:648][685]MaterialEditorStats: Info Texture samplers: 6/16
[2015.04.12-15.59.17:533][998]LogEditorViewport: Clicking on Actor (LMB): PointLight (PointLight)
[2015.04.12-15.59.32:489][485]LogEditorViewport: Clicking on Actor (LMB): BP_Sky_Sphere_C (BP_Sky_Sphere)
[2015.04.12-16.00.52:179][107]LogEditorViewport: Clicking on Actor (LMB): BP_Sky_Sphere_C (BP_Sky_Sphere)
[2015.04.12-16.02.24:110][ 14]LogParticles: Destroying 0 GPU particle simulations for FXSystem 0x0000008946DB8FE0
[2015.04.12-16.02.25:027][ 14]LogSavePackage: Save=836.770752ms
[2015.04.12-16.02.25:027][ 14]LogSavePackage: Moving '../../../../../Tyler/Documents/GitHub/Games/Sandbox/ShootEmUp/ShootEmUp/Saved/Minimal_Default_Auto251BE4E6A4F91E28ADBD360AB96399CED.tmp' to '../../../../../Tyler/Documents/GitHub/Games/Sandbox/ShootEmUp/ShootEmUp/Saved/Autosaves/Game/StarterContent/Maps/Minimal_Default_Auto2.umap'
[2015.04.12-16.02.25:071][ 14]LogFileHelpers: Editor autosave (incl. sublevels) for '/Game/StarterContent/Maps/Minimal_Default' took 0.976
[2015.04.12-16.02.25:071][ 14]LogFileHelpers: Editor autosave (incl. sublevels) for all levels took 0.976
[2015.04.12-16.02.59:427][120]LogEditorViewport: Clicking on Actor (LMB): BP_Sky_Sphere_C (BP_Sky_Sphere)
[2015.04.12-16.03.33:123][236]MapCheck: New page: Map Check
[2015.04.12-16.03.33:182][236]Cmd: MAP REBUILD ALLVISIBLE
[2015.04.12-16.03.33:183][236]LogEditorServer: Rebuildmap Clear paths rebuilt
[2015.04.12-16.03.35:038][236]LightingResults: New page: Lighting Build - Apr 12, 2015, 8:03:35 AM
[2015.04.12-16.03.39:614][236]LogStaticLightingSystem:Warning: No importance volume found, so the scene bounding box was used.  You can optimize your scene's quality and lighting build times by adding importance volumes.
[2015.04.12-16.03.39:639][236]LogStaticLightingSystem: Running Lightmass w/ ImmediateImport mode ENABLED
[2015.04.12-16.03.39:639][236]LogStaticLightingSystem: Running Lightmass w/ ImmediateProcess mode ENABLED
[2015.04.12-16.03.39:639][236]LogStaticLightingSystem: Running Lightmass w/ Sorting mode ENABLED
[2015.04.12-16.03.39:639][236]LogStaticLightingSystem: Running Lightmass w/ Mapping paddings ENABLED
[2015.04.12-16.03.39:639][236]LogStaticLightingSystem: Running Lightmass w/ Mapping debug paddings DISABLED
[2015.04.12-16.03.39:777][236]LogEditorBuildUtils: Build time 0:00:06
[2015.04.12-16.03.44:133][369]LightingResults:Error: Error <None> Object has overlapping UVs.
[2015.04.12-16.03.44:133][369]LightingResults: Info <None> Lightmap UV are overlapping by 66.7%. Please adjust content - Enable Error Coloring to visualize.
[2015.04.12-16.03.44:293][375]Job is a success!
[2015.04.12-16.03.44:912][376]LogTexture:Display: Building textures: HQ_Lightmap0_1 (AutoDXT)
[2015.04.12-16.03.45:324][376]LogTexture:Display: Building textures: LQ_Lightmap_1_2 (DXT1)
[2015.04.12-16.03.45:327][376]LogTexture:Display: Building textures: HQ_Lightmap1_2 (AutoDXT)
[2015.04.12-16.03.45:336][376]LogTexture:Display: Building textures: LQ_Lightmap_0_1 (DXT1)
[2015.04.12-16.03.45:716][376]LogTexture:Display: Building textures: ShadowMapTexture2D_6 (BGRA8)
[2015.04.12-16.03.45:779][376]LogTexture:Display: Building textures: ShadowMapTexture2D_7 (BGRA8)
[2015.04.12-16.03.45:804][376]Lightmass on GRAPHICSSERVER: 5.35 sec total, 161 ms importing, 6 ms setup, 658 ms photons, 4.51 sec processing, 0 ms extra exporting [415/415 mappings]. Threads: 31.4 sec total, 16.8 sec processing.
[2015.04.12-16.03.45:959][376]LogStaticLightingSystem: Illumination: 10.8 sec (976 ms encoding lightmaps)
[2015.04.12-16.03.45:959][376]LogStaticLightingSystem: Lightmap texture memory:  1.3 MB (0.0 MB streaming, 1.3 MB non-streaming), 4 textures
[2015.04.12-16.03.45:959][376]LogStaticLightingSystem: Shadowmap texture memory: 10.7 MB (0.0 MB streaming, 10.7 MB non-streaming), 8 textures
[2015.04.12-16.03.46:640][377]Cmd: MAP CHECK NOTIFYRESULTS
[2015.04.12-16.03.46:641][377]MapCheck: New page: Minimal_Default - Apr 12, 2015, 8:03:46 AM
[2015.04.12-16.03.46:755][377]MapCheck: Info Map check complete: 0 Error(s), 0 Warning(s), took 114.266ms to complete.
[2015.04.12-16.03.52:620][583]LogPlayLevel: PIE:  No blueprints needed recompiling
[2015.04.12-16.03.52:620][583]PIE: New page: PIE session: Minimal_Default (Apr 12, 2015, 8:03:52 AM)
[2015.04.12-16.03.52:694][583]LogPlayLevel: PIE: StaticDuplicateObject took: (0.066243s)
[2015.04.12-16.03.52:695][583]LogPlayLevel: PIE: World Init took: (0.000724s)
[2015.04.12-16.03.52:695][583]LogPlayLevel: PIE: Created PIE world by copying editor world from /Game/StarterContent/Maps/Minimal_Default.Minimal_Default to /Game/StarterContent/Maps/UEDPIE_0_Minimal_Default.Minimal_Default (0.067216s)
[2015.04.12-16.03.52:733][583]LogWorld: Game class is 'GameMode'
[2015.04.12-16.03.52:735][583]LogAIModule: Creating AISystem for world Minimal_Default
[2015.04.12-16.03.52:778][583]LogWorld: Bringing World /Game/StarterContent/Maps/UEDPIE_0_Minimal_Default.Minimal_Default up for play (max tick rate 0) at 2015.04.12-12.03.52
[2015.04.12-16.03.52:786][583]LogWorld: Bringing up level for play took: 0.050531
[2015.04.12-16.03.52:789][583]PIE: Info Play in editor start time for /Game/StarterContent/Maps/UEDPIE_0_Minimal_Default 0.948
[2015.04.12-16.06.53:256][923]LogParticles: Destroying 0 GPU particle simulations for FXSystem 0x00000089485C58A0
[2015.04.12-16.07.02:844][210]LogSavePackage: Save=861.083069ms
[2015.04.12-16.07.02:844][210]LogSavePackage: Moving '../../../../../Tyler/Documents/GitHub/Games/Sandbox/ShootEmUp/ShootEmUp/Saved/Minimal_Default134FDB2F477A0F16D57908BA970C2E5B.tmp' to '../../../../../Tyler/Documents/GitHub/Games/Sandbox/ShootEmUp/ShootEmUp/Content/StarterContent/Maps/Minimal_Default.umap'
[2015.04.12-16.07.02:907][210]LogFileHelpers: Saving map 'Minimal_Default' took 1.038
[2015.04.12-16.09.41:969][466]LogEditorViewport: Clicking on Actor (LMB): BP_Sky_Sphere_C (BP_Sky_Sphere)
[2015.04.12-16.11.43:094][195]Cmd: SELECT NONE
[2015.04.12-16.11.48:862][374]Cmd: QUIT_EDITOR
[2015.04.12-16.11.49:167][374]LogExit: Preparing to exit.
[2015.04.12-16.11.49:743][374]LogExit: Editor shut down
[2015.04.12-16.11.49:744][374]LogExit: Transaction tracking system shut down
[2015.04.12-16.11.49:745][374]LogParticles: Destroying 0 GPU particle simulations for FXSystem 0x00000089459507C0
[2015.04.12-16.11.49:746][374]LogParticles: Destroying 0 GPU particle simulations for FXSystem 0x0000008951A36200
[2015.04.12-16.11.49:746][374]LogParticles: Destroying 0 GPU particle simulations for FXSystem 0x00000089544BE8E0
[2015.04.12-16.11.49:746][374]LogParticles: Destroying 0 GPU particle simulations for FXSystem 0x00000089543C13A0
[2015.04.12-16.11.49:796][374]LogExit: Object subsystem successfully closed.
[2015.04.12-16.11.49:848][374]LogModuleManager: Shutting down and abandoning module MaterialEditor (178)
[2015.04.12-16.11.49:848][374]LogModuleManager: Shutting down and abandoning module CrashTracker (177)
[2015.04.12-16.11.49:848][374]LogModuleManager: Shutting down and abandoning module SuperSearch (176)
[2015.04.12-16.11.49:848][374]LogModuleManager: Shutting down and abandoning module SceneOutliner (175)
[2015.04.12-16.11.49:848][374]LogModuleManager: Shutting down and abandoning module EditorWidgets (174)
[2015.04.12-16.11.49:848][374]LogModuleManager: Shutting down and abandoning module CollectionManager (173)
[2015.04.12-16.11.49:848][374]LogModuleManager: Shutting down and abandoning module StatsViewer (172)
[2015.04.12-16.11.49:848][374]LogModuleManager: Shutting down and abandoning module FoliageEdit (171)
[2015.04.12-16.11.49:848][374]LogModuleManager: Shutting down and abandoning module LandscapeEditor (170)
[2015.04.12-16.11.49:848][374]LogModuleManager: Shutting down and abandoning module MeshPaint (169)
[2015.04.12-16.11.49:848][374]LogModuleManager: Shutting down and abandoning module ActorPickerMode (168)
[2015.04.12-16.11.49:848][374]LogModuleManager: Shutting down and abandoning module GeometryMode (167)
[2015.04.12-16.11.49:848][374]LogModuleManager: Shutting down and abandoning module TextureAlignMode (166)
[2015.04.12-16.11.49:848][374]LogModuleManager: Shutting down and abandoning module BspMode (165)
[2015.04.12-16.11.49:848][374]LogModuleManager: Shutting down and abandoning module PlacementMode (164)
[2015.04.12-16.11.49:848][374]LogModuleManager: Shutting down and abandoning module AutomationWorker (163)
[2015.04.12-16.11.49:848][374]LogModuleManager: Shutting down and abandoning module CharacterAI (162)
[2015.04.12-16.11.49:848][374]LogModuleManager: Shutting down and abandoning module SmartSnapping (161)
[2015.04.12-16.11.49:848][374]LogModuleManager: Shutting down and abandoning module ViewportSnapping (160)
[2015.04.12-16.11.49:848][374]LogModuleManager: Shutting down and abandoning module LogVisualizer (159)
[2015.04.12-16.11.49:848][374]LogModuleManager: Shutting down and abandoning module GameProjectGeneration (158)
[2015.04.12-16.11.49:848][374]LogModuleManager: Shutting down and abandoning module IntroTutorials (157)
[2015.04.12-16.11.49:849][374]LogModuleManager: Shutting down and abandoning module EditorLiveStreaming (156)
[2015.04.12-16.11.49:849][374]LogModuleManager: Shutting down and abandoning module HardwareTargeting (155)
[2015.04.12-16.11.49:849][374]LogModuleManager: Shutting down and abandoning module DeviceProfileEditor (154)
[2015.04.12-16.11.49:849][374]LogModuleManager: Shutting down and abandoning module UndoHistory (153)
[2015.04.12-16.11.49:849][374]LogModuleManager: Shutting down and abandoning module GameplayTagsEditor (152)
[2015.04.12-16.11.49:849][374]LogModuleManager: Shutting down and abandoning module UserFeedback (151)
[2015.04.12-16.11.49:849][374]LogModuleManager: Shutting down and abandoning module XmlParser (150)
[2015.04.12-16.11.49:849][374]LogModuleManager: Shutting down and abandoning module Blutility (149)
[2015.04.12-16.11.49:849][374]LogModuleManager: Shutting down and abandoning module IOSPlatformEditor (148)
[2015.04.12-16.11.49:849][374]LogModuleManager: Shutting down and abandoning module IOSRuntimeSettings (147)
[2015.04.12-16.11.49:849][374]LogModuleManager: Shutting down and abandoning module AndroidDeviceDetection (146)
[2015.04.12-16.11.49:861][374]LogModuleManager: Shutting down and abandoning module AndroidPlatformEditor (145)
[2015.04.12-16.11.49:861][374]LogModuleManager: Shutting down and abandoning module AndroidRuntimeSettings (144)
[2015.04.12-16.11.49:861][374]LogModuleManager: Shutting down and abandoning module ProjectTargetPlatformEditor (143)
[2015.04.12-16.11.49:861][374]LogModuleManager: Shutting down and abandoning module ProjectSettingsViewer (142)
[2015.04.12-16.11.49:861][374]LogModuleManager: Shutting down and abandoning module InputBindingEditor (141)
[2015.04.12-16.11.49:861][374]LogModuleManager: Shutting down and abandoning module EditorSettingsViewer (140)
[2015.04.12-16.11.49:861][374]LogModuleManager: Shutting down and abandoning module SettingsEditor (139)
[2015.04.12-16.11.49:861][374]LogModuleManager: Shutting down and abandoning module ProjectLauncher (138)
[2015.04.12-16.11.49:861][374]LogModuleManager: Shutting down and abandoning module SessionFrontend (137)
[2015.04.12-16.11.49:861][374]LogModuleManager: Shutting down and abandoning module ProfilerClient (136)
[2015.04.12-16.11.49:861][374]LogModuleManager: Shutting down and abandoning module TargetDeviceServices (135)
[2015.04.12-16.11.49:861][374]LogModuleManager: Shutting down and abandoning module DeviceManager (134)
[2015.04.12-16.11.49:861][374]LogModuleManager: Shutting down and abandoning module AutomationController (133)
[2015.04.12-16.11.49:861][374]LogModuleManager: Shutting down and abandoning module AutomationWindow (132)
[2015.04.12-16.11.49:861][374]LogModuleManager: Shutting down and abandoning module Layers (131)
[2015.04.12-16.11.49:861][374]LogModuleManager: Shutting down and abandoning module ComponentVisualizers (130)
[2015.04.12-16.11.49:861][374]LogModuleManager: Shutting down and abandoning module DetailCustomizations (129)
[2015.04.12-16.11.49:861][374]LogModuleManager: Shutting down and abandoning module PackagesDialog (128)
[2015.04.12-16.11.49:862][374]LogModuleManager: Shutting down and abandoning module AssetRegistry (127)
[2015.04.12-16.11.49:917][374]LogModuleManager: Shutting down and abandoning module Persona (126)
[2015.04.12-16.11.49:918][374]LogModuleManager: Shutting down and abandoning module SlateReflector (125)
[2015.04.12-16.11.49:918][374]LogModuleManager: Shutting down and abandoning module LevelEditor (124)
[2015.04.12-16.11.49:918][374]LogModuleManager: Shutting down and abandoning module Kismet (123)
[2015.04.12-16.11.49:919][374]LogModuleManager: Shutting down and abandoning module GraphEditor (122)
[2015.04.12-16.11.49:919][374]LogModuleManager: Shutting down and abandoning module ClassViewer (121)
[2015.04.12-16.11.49:919][374]LogModuleManager: Shutting down and abandoning module Toolbox (120)
[2015.04.12-16.11.49:919][374]LogModuleManager: Shutting down and abandoning module ModuleUI (119)
[2015.04.12-16.11.49:919][374]LogModuleManager: Shutting down and abandoning module MovieSceneTools (118)
[2015.04.12-16.11.49:919][374]LogModuleManager: Shutting down and abandoning module OutputLog (117)
[2015.04.12-16.11.49:919][374]LogModuleManager: Shutting down and abandoning module GammaUI (116)
[2015.04.12-16.11.49:919][374]LogModuleManager: Shutting down and abandoning module Documentation (115)
[2015.04.12-16.11.49:919][374]LogModuleManager: Shutting down and abandoning module GameLiveStreaming (114)
[2015.04.12-16.11.49:919][374]LogModuleManager: Shutting down and abandoning module StreamingPauseRendering (113)
[2015.04.12-16.11.49:919][374]LogModuleManager: Shutting down and abandoning module HTTP (112)
[2015.04.12-16.11.49:919][374]LogModuleManager: Shutting down and abandoning module AnalyticsET (111)
[2015.04.12-16.11.49:919][374]LogModuleManager: Shutting down and abandoning module Analytics (110)
[2015.04.12-16.11.49:919][374]LogModuleManager: Shutting down and abandoning module AITestSuite (109)
[2015.04.12-16.11.49:919][374]LogModuleManager: Shutting down and abandoning module GameplayDebugger (108)
[2015.04.12-16.11.49:919][374]LogModuleManager: Shutting down and abandoning module AIModule (107)
[2015.04.12-16.11.49:919][374]LogModuleManager: Shutting down and abandoning module ProfilerService (106)
[2015.04.12-16.11.50:108][374]LogModuleManager: Shutting down and abandoning module TaskGraph (105)
[2015.04.12-16.11.50:108][374]LogModuleManager: Shutting down and abandoning module SlateRemote (104)
[2015.04.12-16.11.50:108][374]LogModuleManager: Shutting down and abandoning module ScriptEditorPlugin (103)
[2015.04.12-16.11.50:108][374]LogModuleManager: Shutting down and abandoning module CustomMeshComponent (102)
[2015.04.12-16.11.50:108][374]LogModuleManager: Shutting down and abandoning module CableComponent (101)
[2015.04.12-16.11.50:108][374]LogModuleManager: Shutting down and abandoning module MessagingDebugger (100)
[2015.04.12-16.11.50:108][374]LogModuleManager: Shutting down and abandoning module MediaPlayerEditor (99)
[2015.04.12-16.11.50:108][374]LogModuleManager: Shutting down and abandoning module SpeedTreeImporter (98)
[2015.04.12-16.11.50:108][374]LogModuleManager: Shutting down and abandoning module PluginsEditor (97)
[2015.04.12-16.11.50:108][374]LogModuleManager: Shutting down and abandoning module MainFrame (96)
[2015.04.12-16.11.50:108][374]LogModuleManager: Shutting down and abandoning module EpicSurvey (95)
[2015.04.12-16.11.50:108][374]LogModuleManager: Shutting down and abandoning module DesktopPlatform (94)
[2015.04.12-16.11.50:108][374]LogModuleManager: Shutting down and abandoning module DirectoryWatcher (93)
[2015.04.12-16.11.50:108][374]LogModuleManager: Shutting down and abandoning module HotReload (92)
[2015.04.12-16.11.50:108][374]LogModuleManager: Shutting down and abandoning module VisualStudioSourceCodeAccess (91)
[2015.04.12-16.11.50:108][374]LogModuleManager: Shutting down and abandoning module UObjectPlugin (90)
[2015.04.12-16.11.50:108][374]LogModuleManager: Shutting down and abandoning module SubversionSourceControl (89)
[2015.04.12-16.11.50:109][374]LogModuleManager: Shutting down and abandoning module PerforceSourceControl (88)
[2015.04.12-16.11.50:109][374]LogModuleManager: Shutting down and abandoning module SourceControl (87)
[2015.04.12-16.11.50:109][374]LogModuleManager: Shutting down and abandoning module GitSourceControl (86)
[2015.04.12-16.11.50:109][374]LogModuleManager: Shutting down and abandoning module BlankPlugin (85)
[2015.04.12-16.11.50:109][374]LogModuleManager: Shutting down and abandoning module PaperTiledImporter (84)
[2015.04.12-16.11.50:109][374]LogModuleManager: Shutting down and abandoning module PaperJsonImporter (83)
[2015.04.12-16.11.50:109][374]LogModuleManager: Shutting down and abandoning module ContentBrowser (82)
[2015.04.12-16.11.50:109][374]LogModuleManager: Shutting down and abandoning module Paper2DEditor (81)
[2015.04.12-16.11.50:109][374]LogModuleManager: Shutting down and abandoning module ScriptPlugin (80)
[2015.04.12-16.11.50:109][374]LogModuleManager: Shutting down and abandoning module UdpMessaging (79)
[2015.04.12-16.11.50:210][374]LogModuleManager: Shutting down and abandoning module Paper2D (78)
[2015.04.12-16.11.50:210][374]LogModuleManager: Shutting down and abandoning module WindowsMoviePlayer (77)
[2015.04.12-16.11.50:212][374]LogModuleManager: Shutting down and abandoning module Media (76)
[2015.04.12-16.11.50:212][374]LogModuleManager: Shutting down and abandoning module WmfMedia (75)
[2015.04.12-16.11.50:212][374]LogModuleManager: Shutting down and abandoning module OnlineBlueprintSupport (74)
[2015.04.12-16.11.50:212][374]LogModuleManager: Shutting down and abandoning module PropertyEditor (73)
[2015.04.12-16.11.50:212][374]LogModuleManager: Shutting down and abandoning module BehaviorTreeEditor (72)
[2015.04.12-16.11.50:212][374]LogModuleManager: Shutting down and abandoning module FunctionalTesting (71)
[2015.04.12-16.11.50:212][374]LogModuleManager: Shutting down and abandoning module CollisionAnalyzer (70)
[2015.04.12-16.11.50:212][374]LogModuleManager: Shutting down and abandoning module WorkspaceMenuStructure (69)
[2015.04.12-16.11.50:212][374]LogModuleManager: Shutting down and abandoning module MessageLog (68)
[2015.04.12-16.11.50:212][374]LogModuleManager: Shutting down and abandoning module Sequencer (67)
[2015.04.12-16.11.50:212][374]LogModuleManager: Shutting down and abandoning module AssetTools (66)
[2015.04.12-16.11.50:212][374]LogModuleManager: Shutting down and abandoning module UMGEditor (65)
[2015.04.12-16.11.50:212][374]LogModuleManager: Shutting down and abandoning module UMG (64)
[2015.04.12-16.11.50:212][374]LogModuleManager: Shutting down and abandoning module Slate (63)
[2015.04.12-16.11.50:212][374]LogModuleManager: Shutting down and abandoning module EditorStyle (62)
[2015.04.12-16.11.50:216][374]LogModuleManager: Shutting down and abandoning module SessionServices (61)
[2015.04.12-16.11.50:216][374]LogModuleManager: Shutting down and abandoning module SourceCodeAccess (60)
[2015.04.12-16.11.50:216][374]LogModuleManager: Shutting down and abandoning module HeadMountedDisplay (59)
[2015.04.12-16.11.50:216][374]LogModuleManager: Shutting down and abandoning module XAudio2 (58)
[2015.04.12-16.11.50:216][374]LogModuleManager: Shutting down and abandoning module Networking (56)
[2015.04.12-16.11.50:216][374]LogModuleManager: Shutting down and abandoning module Core (55)
[2015.04.12-16.11.50:216][374]LogModuleManager: Shutting down and abandoning module KismetCompiler (54)
[2015.04.12-16.11.50:216][374]LogModuleManager: Shutting down and abandoning module PhysXFormats (53)
[2015.04.12-16.11.50:216][374]LogModuleManager: Shutting down and abandoning module MeshUtilities (52)
[2015.04.12-16.11.50:216][374]LogModuleManager: Shutting down and abandoning module DerivedDataCache (51)
[2015.04.12-16.11.50:251][374]LogDerivedDataCache: Shutdown
[2015.04.12-16.11.50:251][374]LogModuleManager: Shutting down and abandoning module ShaderFormatOpenGL (50)
[2015.04.12-16.11.50:251][374]LogModuleManager: Shutting down and abandoning module ShaderFormatD3D (49)
[2015.04.12-16.11.50:251][374]LogModuleManager: Shutting down and abandoning module MetalShaderFormat (48)
[2015.04.12-16.11.50:251][374]LogModuleManager: Shutting down and abandoning module TextureFormatUncompressed (47)
[2015.04.12-16.11.50:251][374]LogModuleManager: Shutting down and abandoning module TextureFormatPVR (46)
[2015.04.12-16.11.50:251][374]LogModuleManager: Shutting down and abandoning module TextureFormatIntelISPCTexComp (45)
[2015.04.12-16.11.50:251][374]LogModuleManager: Shutting down and abandoning module TextureFormatDXT (44)
[2015.04.12-16.11.50:251][374]LogModuleManager: Shutting down and abandoning module ImageWrapper (43)
[2015.04.12-16.11.50:251][374]LogModuleManager: Shutting down and abandoning module TextureFormatASTC (42)
[2015.04.12-16.11.50:251][374]LogModuleManager: Shutting down and abandoning module TextureFormatAndroid (41)
[2015.04.12-16.11.50:251][374]LogModuleManager: Shutting down and abandoning module AudioFormatOpus (40)
[2015.04.12-16.11.50:251][374]LogModuleManager: Shutting down and abandoning module AudioFormatOgg (39)
[2015.04.12-16.11.50:251][374]LogModuleManager: Shutting down and abandoning module AudioFormatADPCM (38)
[2015.04.12-16.11.50:251][374]LogModuleManager: Shutting down and abandoning module LinuxTargetPlatform (37)
[2015.04.12-16.11.50:251][374]LogModuleManager: Shutting down and abandoning module LinuxServerTargetPlatform (36)
[2015.04.12-16.11.50:251][374]LogModuleManager: Shutting down and abandoning module LinuxNoEditorTargetPlatform (35)
[2015.04.12-16.11.50:251][374]LogModuleManager: Shutting down and abandoning module Messaging (34)
[2015.04.12-16.11.50:251][374]LogModuleManager: Shutting down and abandoning module IOSTargetPlatform (33)
[2015.04.12-16.11.50:251][374]LogModuleManager: Shutting down and abandoning module HTML5TargetPlatform (32)
[2015.04.12-16.11.50:251][374]LogModuleManager: Shutting down and abandoning module Android_PVRTCTargetPlatform (31)
[2015.04.12-16.11.50:251][374]LogModuleManager: Shutting down and abandoning module Android_ETC2TargetPlatform (30)
[2015.04.12-16.11.50:251][374]LogModuleManager: Shutting down and abandoning module Android_ETC1TargetPlatform (29)
[2015.04.12-16.11.50:251][374]LogModuleManager: Shutting down and abandoning module Android_ES31TargetPlatform (28)
[2015.04.12-16.11.50:251][374]LogModuleManager: Shutting down and abandoning module Android_DXTTargetPlatform (27)
[2015.04.12-16.11.50:251][374]LogModuleManager: Shutting down and abandoning module Android_ATCTargetPlatform (26)
[2015.04.12-16.11.50:251][374]LogModuleManager: Shutting down and abandoning module AndroidTargetPlatform (25)
[2015.04.12-16.11.50:251][374]LogModuleManager: Shutting down and abandoning module WindowsTargetPlatform (24)
[2015.04.12-16.11.50:251][374]LogModuleManager: Shutting down and abandoning module WindowsServerTargetPlatform (23)
[2015.04.12-16.11.50:251][374]LogModuleManager: Shutting down and abandoning module WindowsNoEditorTargetPlatform (22)
[2015.04.12-16.11.50:251][374]LogModuleManager: Shutting down and abandoning module WindowsClientTargetPlatform (21)
[2015.04.12-16.11.50:251][374]LogModuleManager: Shutting down and abandoning module TargetPlatform (20)
[2015.04.12-16.11.50:251][374]LogModuleManager: Shutting down and abandoning module InputCore (19)
[2015.04.12-16.11.50:251][374]LogModuleManager: Shutting down and abandoning module Settings (18)
[2015.04.12-16.11.50:251][374]LogModuleManager: Shutting down and abandoning module OnlineSubsystem (16)
[2015.04.12-16.11.50:251][374]LogModuleManager: Shutting down and abandoning module OculusRift (15)
[2015.04.12-16.11.50:251][374]LogModuleManager: Shutting down and abandoning module ExampleDeviceProfileSelector (14)
[2015.04.12-16.11.50:251][374]LogModuleManager: Shutting down and abandoning module TextureCompressor (13)
[2015.04.12-16.11.50:251][374]LogModuleManager: Shutting down and abandoning module ShaderCore (12)
[2015.04.12-16.11.50:251][374]LogModuleManager: Shutting down and abandoning module Landscape (11)
[2015.04.12-16.11.50:251][374]LogModuleManager: Shutting down and abandoning module SlateRHIRenderer (10)
[2015.04.12-16.11.50:255][374]LogModuleManager: Shutting down and abandoning module OpenGLDrv (9)
[2015.04.12-16.11.50:255][374]LogModuleManager: Shutting down and abandoning module D3D11RHI (8)
[2015.04.12-16.11.50:255][374]LogModuleManager: Shutting down and abandoning module Renderer (7)
[2015.04.12-16.11.50:255][374]LogModuleManager: Shutting down and abandoning module Engine (6)
[2015.04.12-16.11.50:255][374]LogModuleManager: Shutting down and abandoning module CoreUObject (5)
[2015.04.12-16.11.50:255][374]LogModuleManager: Shutting down and abandoning module NetworkFile (4)
[2015.04.12-16.11.50:255][374]LogModuleManager: Shutting down and abandoning module StreamingFile (3)
[2015.04.12-16.11.50:255][374]LogModuleManager: Shutting down and abandoning module SandboxFile (2)
[2015.04.12-16.11.50:255][374]LogModuleManager: Shutting down and abandoning module PakFile (1)
[2015.04.12-16.11.50:255][374]LogExit: Exiting.
[2015.04.12-16.11.50:260][374]Log file closed, 04/12/15 12:11:50
